
================================================================
======== txAdmin Starting - 4/21/2022, 7:20:54 PM               
================================================================

================================================================
======== Log Rotated - 4/21/2022, 7:20:55 PM                    
================================================================

================================================================
======== txAdmin Starting - 4/21/2022, 7:27:07 PM               
================================================================

================================================================
======== txAdmin Starting - 4/21/2022, 7:44:25 PM               
================================================================
[19:45:25] [stryker25] logged in via in-game ui

================================================================
======== txAdmin Starting - 4/21/2022, 8:04:58 PM               
================================================================

================================================================
======== txAdmin Starting - 4/21/2022, 8:05:17 PM               
================================================================

================================================================
======== txAdmin Starting - 4/21/2022, 8:14:25 PM               
================================================================

================================================================
======== txAdmin Starting - 4/21/2022, 8:41:30 PM               
================================================================

================================================================
======== txAdmin Starting - 4/21/2022, 8:45:20 PM               
================================================================

================================================================
======== txAdmin Starting - 4/21/2022, 8:51:16 PM               
================================================================
[21:22:15] [stryker25] logged in from 71.60.251.92 via password
[21:38:28] [shadezdamnnn] logged in from 213.205.192.224 via citizenfx
[07:13:45] [stryker25] Banned <license:9ef4cb8af5c875fe5bda9788bfcca855608afaaa>: Conflict of Interests
[07:14:37] [stryker25] Deleting user 'Literallylowd'.
[07:36:36] [stryker25] logged in via in-game ui

================================================================
======== txAdmin Starting - 4/22/2022, 9:30:07 PM               
================================================================

================================================================
======== txAdmin Starting - 4/22/2022, 9:32:54 PM               
================================================================
