
================================================================
======== txAdmin Starting - 4/18/2022, 2:53:04 AM               
================================================================

================================================================
======== Log Rotated - 4/18/2022, 2:53:04 AM                    
================================================================

================================================================
======== txAdmin Starting - 4/18/2022, 2:53:41 AM               
================================================================
[03:00:26] [shadezdamnnn] logged in via in-game ui
[03:34:37] [Literallylowd] logged in via in-game ui
[03:36:59] [shadezdamnnn] logged in via in-game ui
[03:38:47] [Literallylowd] logged in from via NUI iframe
[03:39:26] [Literallylowd] Adding admin 'ryan'.
[03:39:26] [Literallylowd] logged in via in-game ui
[03:39:26] [shadezdamnnn] logged in via in-game ui
[03:39:30] [Literallylowd] logged in via in-game ui
[03:39:30] [shadezdamnnn] logged in via in-game ui
[03:39:48] [Literallylowd] logged in from via NUI iframe
[03:42:02] [Literallylowd] Deleting user 'ryan'.
[03:42:02] [Literallylowd] logged in via in-game ui
[03:42:03] [shadezdamnnn] logged in via in-game ui
[03:42:15] [Literallylowd] logged in via in-game ui
[03:42:15] [shadezdamnnn] logged in via in-game ui
[03:42:30] [Literallylowd] logged in from via NUI iframe
[03:42:51] [Literallylowd] Changing own password.
[03:42:51] [Literallylowd] logged in via in-game ui
[03:42:51] [shadezdamnnn] logged in via in-game ui
[03:43:00] [Literallylowd] logged in via in-game ui
[03:43:00] [shadezdamnnn] logged in via in-game ui
[03:44:32] [Literallylowd] logged in from via NUI iframe
[03:47:01] [shadezdamnnn] logged in from via NUI iframe
[03:47:07] [Literallylowd] Adding admin 'stryker25'.
[03:47:08] [stryker25] logged in via in-game ui
[03:47:08] [Literallylowd] logged in via in-game ui
[03:47:08] [shadezdamnnn] logged in via in-game ui
[03:47:08] [shadezdamnnn] logged in from via NUI iframe
[03:47:12] [shadezdamnnn] logged in from via NUI iframe
[03:47:16] [stryker25] logged in via in-game ui
[03:47:16] [Literallylowd] logged in via in-game ui
[03:47:16] [shadezdamnnn] logged in via in-game ui
[03:47:23] [shadezdamnnn] logged in from via NUI iframe
[03:52:00] [stryker25] logged in from via NUI iframe
[03:55:19] [Literallylowd] Warned #5: No cheating
[03:55:48] [stryker25] Warned #2: dont be a dick
[03:58:14] [shadezdamnnn] Changing menu settings.
[03:59:14] [shadezdamnnn] Changing fxRunner settings.
[04:10:41] [shadezdamnnn] logged in via in-game ui
[04:11:17] [shadezdamnnn] logged in via in-game ui
[04:12:19] [shadezdamnnn] logged in via in-game ui
[04:17:55] [Literallylowd] logged in from via NUI iframe
[04:21:13] [stryker25] Changing own password.
[04:21:13] [stryker25] logged in via in-game ui
[04:21:13] [Literallylowd] logged in via in-game ui
[04:21:18] [stryker25] logged in via in-game ui
[04:21:18] [Literallylowd] logged in via in-game ui
[04:23:05] [Literallylowd] logged in from via NUI iframe
[04:23:11] [Literallylowd] logged in from via NUI iframe
[04:26:23] [Literallylowd] logged in via in-game ui
[04:28:40] [stryker25] logged in via in-game ui
[04:30:59] [stryker25] logged in from via NUI iframe
[04:31:41] [stryker25] Warned #12: dick
[04:34:14] [stryker25] logged in via in-game ui
[14:15:27] [Literallylowd] logged in via in-game ui
[14:27:17] [shadezdamnnn] logged in via in-game ui

================================================================
======== txAdmin Starting - 4/18/2022, 2:28:21 PM               
================================================================

================================================================
======== txAdmin Starting - 4/18/2022, 2:29:42 PM               
================================================================
[14:30:33] [Literallylowd] logged in via in-game ui
[14:30:36] [shadezdamnnn] logged in via in-game ui
[14:37:43] [shadezdamnnn] logged in from via NUI iframe
[14:51:02] [Literallylowd] logged in via in-game ui

================================================================
======== txAdmin Starting - 4/18/2022, 2:52:14 PM               
================================================================
[15:07:04] [shadezdamnnn] logged in via in-game ui

================================================================
======== txAdmin Starting - 4/18/2022, 3:15:57 PM               
================================================================
[15:16:52] [shadezdamnnn] logged in via in-game ui
[15:21:44] [shadezdamnnn] logged in from via NUI iframe

================================================================
======== txAdmin Starting - 4/18/2022, 3:36:48 PM               
================================================================
[15:37:43] [shadezdamnnn] logged in via in-game ui
[15:44:17] [shadezdamnnn] logged in via in-game ui
[17:08:57] [stryker25] logged in via in-game ui
[17:09:50] [stryker25] logged in from via NUI iframe
[17:11:12] [stryker25] logged in from via NUI iframe
[18:17:51] [Literallylowd] logged in via in-game ui
