
================================================================
======== txAdmin Starting - 4/13/2022, 9:40:12 AM               
================================================================

================================================================
======== txAdmin Starting - 4/13/2022, 9:42:22 AM               
================================================================
[09:42:49] [shadezdamnnn] created admins file
[09:43:25] [shadezdamnnn] Changing global settings via setup stepper and started Deployer.
[09:43:35] [shadezdamnnn] Setting recipe.
[09:44:16] [shadezdamnnn] Running recipe.
[09:47:13] [shadezdamnnn] Configured server.cfg from deployer.
[09:47:13] [shadezdamnnn] Completed and committed server deploy.
[09:56:28] [shadezdamnnn] logged in via in-game ui

================================================================
======== txAdmin Starting - 4/13/2022, 12:29:34 PM              
================================================================
[12:38:26] [shadezdamnnn] logged in via in-game ui

================================================================
======== txAdmin Starting - 4/13/2022, 1:01:44 PM               
================================================================
[13:02:40] [shadezdamnnn] logged in via in-game ui
