
================================================================
======== txAdmin Starting - 4/19/2022, 2:21:50 PM               
================================================================

================================================================
======== Log Rotated - 4/19/2022, 2:21:51 PM                    
================================================================

================================================================
======== txAdmin Starting - 4/19/2022, 2:32:26 PM               
================================================================
[14:33:39] [Literallylowd] logged in via in-game ui
[14:39:18] [stryker25] logged in via in-game ui
[14:44:30] [stryker25] logged in from via NUI iframe
[14:44:46] [stryker25] Revoked A8HR-8FN8
[14:44:48] [stryker25] Revoked AJW9-2NBA
[14:44:49] [stryker25] Revoked AFA3-J1DF
[14:46:03] [Literallylowd] logged in from via NUI iframe
[14:48:33] [shadezdamnnn] logged in via in-game ui
[14:49:30] [shadezdamnnn] logged in from via NUI iframe

================================================================
======== txAdmin Starting - 4/19/2022, 2:51:11 PM               
================================================================
[14:52:19] [Literallylowd] logged in via in-game ui
[14:53:49] [Literallylowd] logged in from via NUI iframe

================================================================
======== txAdmin Starting - 4/19/2022, 2:59:35 PM               
================================================================
[15:00:40] [Literallylowd] logged in via in-game ui
[15:00:57] [stryker25] logged in via in-game ui

================================================================
======== txAdmin Starting - 4/19/2022, 3:21:28 PM               
================================================================
[15:24:24] [shadezdamnnn] logged in via in-game ui
[15:26:30] [Literallylowd] logged in via in-game ui
[15:26:41] [stryker25] logged in via in-game ui
[15:27:26] [shadezdamnnn] logged in from via NUI iframe

================================================================
======== txAdmin Starting - 4/19/2022, 3:45:58 PM               
================================================================
[15:47:23] [Literallylowd] logged in via in-game ui

================================================================
======== txAdmin Starting - 4/19/2022, 4:01:26 PM               
================================================================
[16:03:00] [Literallylowd] logged in via in-game ui

================================================================
======== txAdmin Starting - 4/19/2022, 4:05:39 PM               
================================================================
[16:07:38] [Literallylowd] logged in via in-game ui

================================================================
======== txAdmin Starting - 4/19/2022, 4:55:39 PM               
================================================================
[16:56:40] [Literallylowd] logged in via in-game ui

================================================================
======== txAdmin Starting - 4/19/2022, 5:03:45 PM               
================================================================
[17:04:52] [Literallylowd] logged in via in-game ui
[19:10:17] [stryker25] logged in via in-game ui

================================================================
======== txAdmin Starting - 4/19/2022, 9:29:17 PM               
================================================================
