
================================================================
======== txAdmin Starting - 4/14/2022, 4:14:08 AM               
================================================================

================================================================
======== Log Rotated - 4/14/2022, 4:14:08 AM                    
================================================================
[04:22:31] [shadezdamnnn] logged in via in-game ui
[07:45:54] [shadezdamnnn] logged in via in-game ui

================================================================
======== txAdmin Starting - 4/14/2022, 8:08:53 AM               
================================================================

================================================================
======== txAdmin Starting - 4/14/2022, 8:10:14 AM               
================================================================

================================================================
======== txAdmin Starting - 4/14/2022, 8:11:13 AM               
================================================================

================================================================
======== txAdmin Starting - 4/14/2022, 8:20:45 AM               
================================================================
[08:24:17] [shadezdamnnn] logged in via in-game ui

================================================================
======== txAdmin Starting - 4/14/2022, 4:56:28 PM               
================================================================

================================================================
======== txAdmin Starting - 4/14/2022, 5:55:13 PM               
================================================================
[17:57:19] [shadezdamnnn] logged in via in-game ui
[18:22:10] [shadezdamnnn] logged in via in-game ui
