
================================================================
======== Log Rotated - 4/17/2022, 6:06:55 PM                    
================================================================

================================================================
======== FXServer Starting - 4/17/2022, 6:07:01 PM              
================================================================
[38;5;161m[    c-scripting-core] Creating script environments for _cfx_internal
[ citizen-server-impl] Scanning resources.
[38;5;163m[    c-resources-core] Resource loading for taxi failed:
[    c-resources-core] Could not open resource metadata file - no such file.
[    c-resources-core] Resource loading for casinopack failed:
[    c-resources-core] Could not open resource metadata file - no such file.
[ citizen-server-impl] Found 128 resources.
[ citizen-server-impl] Some resources have an outdated resource manifest:
[ citizen-server-impl]     - qb-pizzaboy
[ citizen-server-impl] 
[ citizen-server-impl] Please update these resources.
[          svadhesive] Authenticating server license key...
[38;5;66m[          svadhesive] Server license key authentication succeeded. Welcome!
[    c-scripting-core] Creating script environments for sessionmanager
[ citizen-server-impl] Started resource sessionmanager
[    c-scripting-core] Creating script environments for monitor
[      script:monitor] [txAdminClient] Version 4.13.3 starting...
[ citizen-server-impl] Started resource monitor
[    c-scripting-core] Creating script environments for mapmanager
[ citizen-server-impl] Started resource mapmanager
[    c-scripting-core] Creating script environments for yarn
[ citizen-server-impl] Started resource yarn
[    c-scripting-core] Creating script environments for webpack
[38;5;73m[ citizen-server-impl] Started resource webpack
[    c-scripting-core] Creating script environments for chat
[38;5;73m[ citizen-server-impl] Started resource chat
[38;5;73m[ citizen-server-impl] Started resource spawnmanager
[38;5;154m[   script:mapmanager] Started gametype Freeroam
[ citizen-server-impl] Started resource basic-gamemode
[38;5;161m[    c-scripting-core] Creating script environments for hardcap
[ citizen-server-impl] Started resource hardcap
[    c-scripting-core] Creating script environments for baseevents
[ citizen-server-impl] Started resource baseevents
[    c-scripting-core] Creating script environments for oxmysql
[ citizen-server-impl] Started resource oxmysql
[    c-scripting-core] Creating script environments for qb-core
[ citizen-server-impl] Started resource qb-core
[38;5;73m[ citizen-server-impl] Started resource menuv
[    c-scripting-core] Creating script environments for qb-adminmenu
[ citizen-server-impl] [97mStarted resource qb-adminmenu
[38;5;161m[    c-scripting-core] Creating script environments for qb-ambulancejob
[38;5;73m[ citizen-server-impl] Started resource qb-ambulancejob
[38;5;161m[    c-scripting-core] Creating script environments for qb-anticheat
[38;5;73m[ citizen-server-impl] Started resource qb-anticheat
[ citizen-server-impl] [97mStarted resource qb-interior
[38;5;161m[    c-scripting-core] Creating script environments for qb-clothing
[38;5;73m[ citizen-server-impl] Started resource qb-clothing
[    c-scripting-core] Creating script environments for qb-weathersync
[ citizen-server-impl] Started resource qb-weathersync
[38;5;161m[    c-scripting-core] Creating script environments for qb-apartments
[ citizen-server-impl] Started resource qb-apartments
[    c-scripting-core] Creating script environments for qb-atms
[ citizen-server-impl] Started resource qb-atms
[    c-scripting-core] Creating script environments for qb-banking
[ citizen-server-impl] Started resource qb-banking
[    c-scripting-core] Creating script environments for PolyZone
[38;5;73m[ citizen-server-impl] Started resource PolyZone
[38;5;161m[    c-scripting-core] Creating script environments for qb-bankrobbery
[ citizen-server-impl] Started resource qb-bankrobbery
[    c-scripting-core] Creating script environments for qb-busjob
[38;5;73m[ citizen-server-impl] Started resource qb-busjob
[38;5;161m[    c-scripting-core] Creating script environments for qb-butcher
[ citizen-server-impl] Started resource qb-butcher
[38;5;161m[    c-scripting-core] Creating script environments for qb-cityhall
[ citizen-server-impl] Started resource qb-cityhall
[    c-scripting-core] Creating script environments for qb-commandbinding
[ citizen-server-impl] Started resource qb-commandbinding
[38;5;73m[ citizen-server-impl] [97mStarted resource mhacking
[38;5;161m[    c-scripting-core] Creating script environments for qb-crypto
[ citizen-server-impl] Started resource qb-crypto
[    c-scripting-core] Creating script environments for qb-customs
[ citizen-server-impl] Started resource qb-customs
[    c-scripting-core] Creating script environments for qb-diving
[ citizen-server-impl] Started resource qb-diving
[    c-scripting-core] [97mCreating script environments for qb-doorlock
[38;5;73m[ citizen-server-impl] Started resource qb-doorlock
[38;5;161m[    c-scripting-core] Creating script environments for qb-drugs
[38;5;73m[ citizen-server-impl] Started resource qb-drugs
[    c-scripting-core] Creating script environments for qb-fishing
[ citizen-server-impl] Started resource qb-fishing
[    c-scripting-core] [0mCreating script environments for qb-fitbit
[ citizen-server-impl] Started resource qb-fitbit
[    c-scripting-core] Creating script environments for qb-garages
[ citizen-server-impl] Started resource qb-garages
[    c-scripting-core] Creating script environments for qb-garbagejob
[38;5;73m[ citizen-server-impl] Started resource qb-garbagejob
[38;5;161m[    c-scripting-core] Creating script environments for qb-hospital
[ citizen-server-impl] Started resource qb-hospital
[38;5;161m[    c-scripting-core] Creating script environments for qb-hotdogjob
[38;5;73m[ citizen-server-impl] Started resource qb-hotdogjob
[ citizen-server-impl] Started resource qb-lockpick
[ citizen-server-impl] Started resource qb-skillbar
[    c-scripting-core] Creating script environments for qb-houserobbery
[38;5;73m[ citizen-server-impl] [0mStarted resource qb-houserobbery
[38;5;161m[    c-scripting-core] Creating script environments for qb-houses
[38;5;73m[ citizen-server-impl] Started resource qb-houses
[38;5;161m[    c-scripting-core] Creating script environments for qb-hud
[ citizen-server-impl] Started resource qb-hud
[    c-scripting-core] [0mCreating script environments for qb-hunting
[ citizen-server-impl] Started resource qb-hunting
[ citizen-server-impl] Started resource qb-input
[    c-scripting-core] [97mCreating script environments for qb-weapons
[38;5;73m[ citizen-server-impl] Started resource qb-weapons
[38;5;161m[    c-scripting-core] Creating script environments for qb-inventory
[ citizen-server-impl] Started resource qb-inventory
[38;5;161m[    c-scripting-core] Creating script environments for qb-jewelery
[ citizen-server-impl] Started resource qb-jewelery
[ citizen-server-impl] Started resource qb-keyminigame
[38;5;161m[    c-scripting-core] Creating script environments for qb-lapraces
[38;5;73m[ citizen-server-impl] Started resource qb-lapraces
[    c-scripting-core] Creating script environments for qb-lumberjack
[ citizen-server-impl] Started resource qb-lumberjack
[38;5;161m[    c-scripting-core] Creating script environments for qb-management
[ citizen-server-impl] Started resource qb-management
[38;5;161m[    c-scripting-core] Creating script environments for qb-mechanicjob
[ citizen-server-impl] Started resource qb-mechanicjob
[ citizen-server-impl] Started resource qb-menu
[    c-scripting-core] [97mCreating script environments for qb-mine
[ citizen-server-impl] Started resource qb-mine
[    c-scripting-core] Creating script environments for qb-spawn
[38;5;73m[ citizen-server-impl] Started resource qb-spawn
[38;5;161m[    c-scripting-core] Creating script environments for qb-multicharacter
[ citizen-server-impl] Started resource qb-multicharacter
[38;5;161m[    c-scripting-core] Creating script environments for qb-newsjob
[ citizen-server-impl] Started resource qb-newsjob
[    c-scripting-core] Creating script environments for qb-pawnshop
[ citizen-server-impl] Started resource qb-pawnshop
[    c-scripting-core] Creating script environments for qb-phone
[ citizen-server-impl] Started resource qb-phone
[    c-scripting-core] Creating script environments for qb-pizzaboy
[ citizen-server-impl] Started resource qb-pizzaboy
[    c-scripting-core] Creating script environments for qb-policejob
[38;5;73m[ citizen-server-impl] Started resource qb-policejob
[    c-scripting-core] [0mCreating script environments for qb-prison
[ citizen-server-impl] Started resource qb-prison
[    c-scripting-core] Creating script environments for qb-radialmenu
[ citizen-server-impl] Started resource qb-radialmenu
[    c-scripting-core] [97mCreating script environments for qb-recyclejob
[ citizen-server-impl] Started resource qb-recyclejob
[    c-scripting-core] Creating script environments for qb-scoreboard
[ citizen-server-impl] Started resource qb-scoreboard
[38;5;161m[    c-scripting-core] Creating script environments for qb-scrapyard
[ citizen-server-impl] Started resource qb-scrapyard
[    c-scripting-core] Creating script environments for qb-shops
[ citizen-server-impl] Started resource qb-shops
[    c-scripting-core] Creating script environments for qb-smallresources
[ citizen-server-impl] [97mStarted resource qb-smallresources
[    c-scripting-core] Creating script environments for qb-storerobbery
[ citizen-server-impl] Started resource qb-storerobbery
[38;5;161m[    c-scripting-core] Creating script environments for qb-streetraces
[ citizen-server-impl] Started resource qb-streetraces
[    c-scripting-core] Creating script environments for qb-tacos
[ citizen-server-impl] Started resource qb-tacos
[ citizen-server-impl] Started resource qb-target
[    c-scripting-core] [97mCreating script environments for qb-taxijob
[ citizen-server-impl] Started resource qb-taxijob
[    c-scripting-core] [0mCreating script environments for qb-towjob
[ citizen-server-impl] [97mStarted resource qb-towjob
[    c-scripting-core] Creating script environments for qb-traphouse
[ citizen-server-impl] Started resource qb-traphouse
[38;5;161m[    c-scripting-core] Creating script environments for qb-truckerjob
[ citizen-server-impl] Started resource qb-truckerjob
[    c-scripting-core] Creating script environments for qb-truckrobbery
[ citizen-server-impl] Started resource qb-truckrobbery
[    c-scripting-core] [0mCreating script environments for qb-tunerchip
[ citizen-server-impl] Started resource qb-tunerchip
[    c-scripting-core] Creating script environments for qb-vehiclefailure
[ citizen-server-impl] Started resource qb-vehiclefailure
[    c-scripting-core] Creating script environments for qb-vehiclekeys
[38;5;73m[ citizen-server-impl] Started resource qb-vehiclekeys
[    c-scripting-core] [97mCreating script environments for qb-vehiclesales
[38;5;73m[ citizen-server-impl] Started resource qb-vehiclesales
[38;5;161m[    c-scripting-core] Creating script environments for qb-vehicleshop
[ citizen-server-impl] Started resource qb-vehicleshop
[    c-scripting-core] [97mCreating script environments for qb-vineyard
[ citizen-server-impl] [97mStarted resource qb-vineyard
[    c-scripting-core] Creating script environments for qb-weed
[ citizen-server-impl] [97mStarted resource qb-weed
[    c-scripting-core] Creating script environments for LegacyFuel
[ citizen-server-impl] Started resource LegacyFuel
[38;5;73m[ citizen-server-impl] [0m[97mStarted resource Loadscreen
[38;5;73m[ citizen-server-impl] Started resource bob74_ipl
[38;5;161m[    c-scripting-core] Creating script environments for connectqueue
[ script:connectqueue] QUEUE:  [connectqueue] Disabling hardcap 
[ citizen-server-impl] Stopping resource hardcap
[ citizen-server-impl] Started resource connectqueue
[    c-scripting-core] [0mCreating script environments for dpemotes
[     script:dpemotes] [dp] Sql Keybinding is turned off, if you want to enable /emotebind, import dpkeybinding.sql and set SqlKeybinding = true in config.lua.
[ citizen-server-impl] Started resource dpemotes
[    c-scripting-core] Creating script environments for interact-sound
[38;5;73m[ citizen-server-impl] Started resource interact-sound
[ citizen-server-impl] Started resource progressbar
[ citizen-server-impl] Started resource safecracker
[38;5;161m[    c-scripting-core] Creating script environments for screenshot-basic
[ citizen-server-impl] Started resource screenshot-basic
[38;5;161m[    c-scripting-core] Creating script environments for pma-voice
[ citizen-server-impl] [0mStarted resource pma-voice
[38;5;161m[    c-scripting-core] Creating script environments for qb-radio
[38;5;73m[ citizen-server-impl] Started resource qb-radio
[38;5;73m[ citizen-server-impl] Started resource dealer_map
[38;5;73m[ citizen-server-impl] Started resource hospital_map
[ citizen-server-impl] Started resource prison_canteen
[ citizen-server-impl] Asset prison_main/desertos_prison.ytd uses 30.5 MiB of physical memory.
[ citizen-server-impl] Started resource prison_main
[38;5;73m[ citizen-server-impl] Started resource prison_meeting
[ citizen-server-impl] Asset Court%20House%20-%20UncleJust/jud_txt_q.ytd uses 20.4 MiB of physical memory.
[ citizen-server-impl] Started resource Court%20House%20-%20UncleJust
[   script:mapmanager] Started map fivem-map-hipster
[ citizen-server-impl] Started resource fivem-map-hipster
[   script:mapmanager] Changing map from fivem-map-hipster to fivem-map-skater
[ citizen-server-impl] Stopping resource fivem-map-hipster
[   script:mapmanager] Started map fivem-map-skater
[ citizen-server-impl] Started resource fivem-map-skater
[ citizen-server-impl] Asset madrazoranch/ranchoroom9.ydr uses 19.5 MiB of physical memory.
[ citizen-server-impl] Asset madrazoranch/v_56_ranch_shell.ydr uses 23.0 MiB of physical memory.
[ citizen-server-impl] Started resource madrazoranch
[ citizen-server-impl] Asset patoche_stock/patoche_stock_shell.ydr uses 18.8 MiB of physical memory.
[ citizen-server-impl] Started resource patoche_stock
[           resources] Warning: Resource redm-map-one does not support the current game (gta5).
[           resources] Couldn't start resource redm-map-one.
[ citizen-server-impl] Started resource sandymedicalv2
[ citizen-server-impl] Started resource sandysheriff-mlo
[ citizen-server-impl] Started resource sheriffpaleto
[ citizen-server-impl] [94mAsset vespucci/vesp_01floor_txd.ytd uses 16.2 MiB of physical memory.
[ citizen-server-impl] [0mAsset vespucci/vesp_03floor_txd.ytd uses 17.2 MiB of physical memory.
[38;5;73m[ citizen-server-impl] Asset vespucci/vesp_1floor_txd.ytd uses 21.8 MiB of physical memory.
[ citizen-server-impl] Asset vespucci/vesp_2floor_txd.ytd uses 22.9 MiB of physical memory.
[ citizen-server-impl] Asset vespucci/vesp_txd.ytd uses 24.4 MiB of physical memory.
[ citizen-server-impl] Started resource vespucci
[      script:monitor] [txAdminClient] Threads and commands set up. All Ready.
[      script:oxmysql] Error: Unable to establish a connection to the database!
[      script:oxmysql] [Error: connect ECONNREFUSED 127.0.0.1:3306]
[     script:dpemotes] 
[     script:dpemotes] dp Emotes (dpemotes) is up to date. (173)
[ citizen-server-impl] [91m        fff                          
[ citizen-server-impl]   cccc ff   xx  xx     rr rr    eee  
[ citizen-server-impl] cc     ffff   xx       rrr  r ee   e 
[ citizen-server-impl] cc     ff     xx   ... rr     eeeee  
[ citizen-server-impl]  ccccc ff   xx  xx ... rr      eeeee 
[ citizen-server-impl]                                      
[ citizen-server-impl] Authenticated with cfx.re Nucleus: https://shadezdamnnn-zbg67p.users.cfx.re/
[ citizen-server-impl] -- [server notice: tebex_not_set]
[ citizen-server-impl] ================
[ citizen-server-impl] Monetize your server using Tebex! Visit https://tebex.io/fivem for more info.
[ citizen-server-impl] ================
[ citizen-server-impl] 
> txaEvent "adminsUpdated" "[]"
[ script:connectqueue] [0mQUEUE: LiterallyLowd[license:9ef4cb8af5c875fe5bda9788bfcca855608afaaa] was placed 1/1 in queue
[38;5;173m[ script:connectqueue] QUEUE: LiterallyLowd[license:9ef4cb8af5c875fe5bda9788bfcca855608afaaa] is loading into the server
> txaEvent "adminsUpdated" "[]"
> txaEvent "adminsUpdated" "[]"
[ script:connectqueue] [93mQUEUE: LiterallyLowd[license:9ef4cb8af5c875fe5bda9788bfcca855608afaaa] was placed 1/1 in queue
[38;5;173m[ script:connectqueue] QUEUE: LiterallyLowd[license:9ef4cb8af5c875fe5bda9788bfcca855608afaaa] was placed 1/1 in queue
[38;5;186m[ citizen-server-main] -> Quitting: SIGHUP received

================================================================
======== FXServer Starting - 4/17/2022, 6:16:03 PM              
================================================================
[    c-scripting-core] Creating script environments for _cfx_internal
[ citizen-server-impl] Scanning resources.
[    c-resources-core] Resource loading for taxi failed:
[    c-resources-core] Could not open resource metadata file - no such file.
[    c-resources-core] Resource loading for casinopack failed:
[    c-resources-core] Could not open resource metadata file - no such file.
[ citizen-server-impl] Found 128 resources.
[ citizen-server-impl] Some resources have an outdated resource manifest:
[ citizen-server-impl]     - qb-pizzaboy
[ citizen-server-impl] 
[ citizen-server-impl] Please update these resources.
[          svadhesive] Authenticating server license key...
[          svadhesive] Server license key authentication succeeded. Welcome!
[    c-scripting-core] Creating script environments for sessionmanager
[ citizen-server-impl] Started resource sessionmanager
[    c-scripting-core] Creating script environments for monitor
[      script:monitor] [txAdminClient] Version 4.13.3 starting...
[ citizen-server-impl] Started resource monitor
[    c-scripting-core] Creating script environments for mapmanager
[ citizen-server-impl] Started resource mapmanager
[    c-scripting-core] Creating script environments for yarn
[ citizen-server-impl] Started resource yarn
[    c-scripting-core] Creating script environments for webpack
[ citizen-server-impl] Started resource webpack
[    c-scripting-core] Creating script environments for chat
[38;5;73m[ citizen-server-impl] Started resource chat
[38;5;73m[ citizen-server-impl] Started resource spawnmanager
[   script:mapmanager] Started gametype Freeroam
[ citizen-server-impl] Started resource basic-gamemode
[    c-scripting-core] Creating script environments for hardcap
[ citizen-server-impl] Started resource hardcap
[    c-scripting-core] Creating script environments for baseevents
[ citizen-server-impl] Started resource baseevents
[    c-scripting-core] Creating script environments for oxmysql
[38;5;73m[ citizen-server-impl] Started resource oxmysql
[    c-scripting-core] [97mCreating script environments for qb-core
[ citizen-server-impl] Started resource qb-core
[ citizen-server-impl] Started resource menuv
[38;5;161m[    c-scripting-core] Creating script environments for qb-adminmenu
[ citizen-server-impl] Started resource qb-adminmenu
[    c-scripting-core] Creating script environments for qb-ambulancejob
[ citizen-server-impl] Started resource qb-ambulancejob
[    c-scripting-core] Creating script environments for qb-anticheat
[ citizen-server-impl] Started resource qb-anticheat
[ citizen-server-impl] Started resource qb-interior
[    c-scripting-core] Creating script environments for qb-clothing
[ citizen-server-impl] Started resource qb-clothing
[    c-scripting-core] Creating script environments for qb-weathersync
[ citizen-server-impl] Started resource qb-weathersync
[    c-scripting-core] Creating script environments for qb-apartments
[ citizen-server-impl] Started resource qb-apartments
[    c-scripting-core] Creating script environments for qb-atms
[ citizen-server-impl] Started resource qb-atms
[    c-scripting-core] Creating script environments for qb-banking
[ citizen-server-impl] Started resource qb-banking
[    c-scripting-core] Creating script environments for PolyZone
[ citizen-server-impl] Started resource PolyZone
[    c-scripting-core] [97mCreating script environments for qb-bankrobbery
[ citizen-server-impl] Started resource qb-bankrobbery
[    c-scripting-core] Creating script environments for qb-busjob
[ citizen-server-impl] Started resource qb-busjob
[    c-scripting-core] Creating script environments for qb-butcher
[ citizen-server-impl] Started resource qb-butcher
[    c-scripting-core] Creating script environments for qb-cityhall
[ citizen-server-impl] Started resource qb-cityhall
[    c-scripting-core] Creating script environments for qb-commandbinding
[ citizen-server-impl] Started resource qb-commandbinding
[ citizen-server-impl] Started resource mhacking
[    c-scripting-core] Creating script environments for qb-crypto
[38;5;73m[ citizen-server-impl] Started resource qb-crypto
[    c-scripting-core] Creating script environments for qb-customs
[ citizen-server-impl] Started resource qb-customs
[    c-scripting-core] [97mCreating script environments for qb-diving
[ citizen-server-impl] Started resource qb-diving
[    c-scripting-core] Creating script environments for qb-doorlock
[ citizen-server-impl] Started resource qb-doorlock
[    c-scripting-core] Creating script environments for qb-drugs
[ citizen-server-impl] Started resource qb-drugs
[    c-scripting-core] Creating script environments for qb-fishing
[ citizen-server-impl] Started resource qb-fishing
[    c-scripting-core] Creating script environments for qb-fitbit
[ citizen-server-impl] Started resource qb-fitbit
[    c-scripting-core] Creating script environments for qb-garages
[ citizen-server-impl] Started resource qb-garages
[    c-scripting-core] Creating script environments for qb-garbagejob
[ citizen-server-impl] Started resource qb-garbagejob
[    c-scripting-core] Creating script environments for qb-hospital
[ citizen-server-impl] Started resource qb-hospital
[    c-scripting-core] Creating script environments for qb-hotdogjob
[ citizen-server-impl] Started resource qb-hotdogjob
[ citizen-server-impl] Started resource qb-lockpick
[ citizen-server-impl] Started resource qb-skillbar
[    c-scripting-core] Creating script environments for qb-houserobbery
[ citizen-server-impl] Started resource qb-houserobbery
[    c-scripting-core] Creating script environments for qb-houses
[ citizen-server-impl] Started resource qb-houses
[    c-scripting-core] Creating script environments for qb-hud
[ citizen-server-impl] Started resource qb-hud
[    c-scripting-core] Creating script environments for qb-hunting
[ citizen-server-impl] Started resource qb-hunting
[ citizen-server-impl] Started resource qb-input
[    c-scripting-core] [97mCreating script environments for qb-weapons
[ citizen-server-impl] [97mStarted resource qb-weapons
[    c-scripting-core] [97mCreating script environments for qb-inventory
[ citizen-server-impl] Started resource qb-inventory
[    c-scripting-core] Creating script environments for qb-jewelery
[ citizen-server-impl] Started resource qb-jewelery
[ citizen-server-impl] [97mStarted resource qb-keyminigame
[    c-scripting-core] Creating script environments for qb-lapraces
[ citizen-server-impl] Started resource qb-lapraces
[    c-scripting-core] Creating script environments for qb-lumberjack
[ citizen-server-impl] Started resource qb-lumberjack
[    c-scripting-core] Creating script environments for qb-management
[ citizen-server-impl] Started resource qb-management
[    c-scripting-core] Creating script environments for qb-mechanicjob
[ citizen-server-impl] Started resource qb-mechanicjob
[ citizen-server-impl] Started resource qb-menu
[    c-scripting-core] Creating script environments for qb-mine
[ citizen-server-impl] Started resource qb-mine
[    c-scripting-core] Creating script environments for qb-spawn
[ citizen-server-impl] Started resource qb-spawn
[    c-scripting-core] Creating script environments for qb-multicharacter
[ citizen-server-impl] Started resource qb-multicharacter
[    c-scripting-core] Creating script environments for qb-newsjob
[ citizen-server-impl] Started resource qb-newsjob
[    c-scripting-core] Creating script environments for qb-pawnshop
[ citizen-server-impl] Started resource qb-pawnshop
[    c-scripting-core] Creating script environments for qb-phone
[ citizen-server-impl] Started resource qb-phone
[    c-scripting-core] Creating script environments for qb-pizzaboy
[ citizen-server-impl] Started resource qb-pizzaboy
[    c-scripting-core] Creating script environments for qb-policejob
[ citizen-server-impl] Started resource qb-policejob
[    c-scripting-core] Creating script environments for qb-prison
[ citizen-server-impl] Started resource qb-prison
[    c-scripting-core] Creating script environments for qb-radialmenu
[ citizen-server-impl] Started resource qb-radialmenu
[    c-scripting-core] Creating script environments for qb-recyclejob
[ citizen-server-impl] Started resource qb-recyclejob
[    c-scripting-core] Creating script environments for qb-scoreboard
[ citizen-server-impl] Started resource qb-scoreboard
[    c-scripting-core] Creating script environments for qb-scrapyard
[ citizen-server-impl] Started resource qb-scrapyard
[    c-scripting-core] [0mCreating script environments for qb-shops
[ citizen-server-impl] Started resource qb-shops
[    c-scripting-core] Creating script environments for qb-smallresources
[ citizen-server-impl] Started resource qb-smallresources
[    c-scripting-core] Creating script environments for qb-storerobbery
[ citizen-server-impl] Started resource qb-storerobbery
[    c-scripting-core] Creating script environments for qb-streetraces
[ citizen-server-impl] Started resource qb-streetraces
[    c-scripting-core] Creating script environments for qb-tacos
[ citizen-server-impl] Started resource qb-tacos
[ citizen-server-impl] Started resource qb-target
[    c-scripting-core] Creating script environments for qb-taxijob
[ citizen-server-impl] Started resource qb-taxijob
[    c-scripting-core] Creating script environments for qb-towjob
[ citizen-server-impl] Started resource qb-towjob
[    c-scripting-core] Creating script environments for qb-traphouse
[ citizen-server-impl] Started resource qb-traphouse
[    c-scripting-core] Creating script environments for qb-truckerjob
[ citizen-server-impl] Started resource qb-truckerjob
[    c-scripting-core] Creating script environments for qb-truckrobbery
[ citizen-server-impl] Started resource qb-truckrobbery
[    c-scripting-core] Creating script environments for qb-tunerchip
[ citizen-server-impl] Started resource qb-tunerchip
[    c-scripting-core] Creating script environments for qb-vehiclefailure
[ citizen-server-impl] Started resource qb-vehiclefailure
[    c-scripting-core] Creating script environments for qb-vehiclekeys
[ citizen-server-impl] Started resource qb-vehiclekeys
[    c-scripting-core] Creating script environments for qb-vehiclesales
[ citizen-server-impl] Started resource qb-vehiclesales
[    c-scripting-core] [0mCreating script environments for qb-vehicleshop
[ citizen-server-impl] Started resource qb-vehicleshop
[    c-scripting-core] Creating script environments for qb-vineyard
[38;5;73m[ citizen-server-impl] Started resource qb-vineyard
[    c-scripting-core] Creating script environments for qb-weed
[ citizen-server-impl] Started resource qb-weed
[    c-scripting-core] Creating script environments for LegacyFuel
[ citizen-server-impl] Started resource LegacyFuel
[38;5;73m[ citizen-server-impl] Started resource Loadscreen
[ citizen-server-impl] Started resource bob74_ipl
[    c-scripting-core] Creating script environments for connectqueue
[ script:connectqueue] [93mQUEUE:  [connectqueue] Disabling hardcap 
[ citizen-server-impl] Stopping resource hardcap
[ citizen-server-impl] Started resource connectqueue
[    c-scripting-core] Creating script environments for dpemotes
[     script:dpemotes] [dp] Sql Keybinding is turned off, if you want to enable /emotebind, import dpkeybinding.sql and set SqlKeybinding = true in config.lua.
[ citizen-server-impl] Started resource dpemotes
[    c-scripting-core] Creating script environments for interact-sound
[ citizen-server-impl] Started resource interact-sound
[38;5;73m[ citizen-server-impl] Started resource progressbar
[ citizen-server-impl] Started resource safecracker
[    c-scripting-core] Creating script environments for screenshot-basic
[ citizen-server-impl] Started resource screenshot-basic
[    c-scripting-core] Creating script environments for pma-voice
[ citizen-server-impl] Started resource pma-voice
[    c-scripting-core] Creating script environments for qb-radio
[ citizen-server-impl] Started resource qb-radio
[ citizen-server-impl] Started resource dealer_map
[ citizen-server-impl] Started resource hospital_map
[ citizen-server-impl] Started resource prison_canteen
[ citizen-server-impl] Asset prison_main/desertos_prison.ytd uses 30.5 MiB of physical memory.
[ citizen-server-impl] Started resource prison_main
[ citizen-server-impl] Started resource prison_meeting
[ citizen-server-impl] Asset Court%20House%20-%20UncleJust/jud_txt_q.ytd uses 20.4 MiB of physical memory.
[ citizen-server-impl] Started resource Court%20House%20-%20UncleJust
[   script:mapmanager] Started map fivem-map-hipster
[ citizen-server-impl] Started resource fivem-map-hipster
[   script:mapmanager] Changing map from fivem-map-hipster to fivem-map-skater
[ citizen-server-impl] Stopping resource fivem-map-hipster
[   script:mapmanager] Started map fivem-map-skater
[ citizen-server-impl] Started resource fivem-map-skater
[ citizen-server-impl] Asset madrazoranch/ranchoroom9.ydr uses 19.5 MiB of physical memory.
[ citizen-server-impl] [0mAsset madrazoranch/v_56_ranch_shell.ydr uses 23.0 MiB of physical memory.
[ citizen-server-impl] Started resource madrazoranch
[ citizen-server-impl] Asset patoche_stock/patoche_stock_shell.ydr uses 18.8 MiB of physical memory.
[ citizen-server-impl] Started resource patoche_stock
[           resources] Warning: Resource redm-map-one does not support the current game (gta5).
[           resources] Couldn't start resource redm-map-one.
[38;5;73m[ citizen-server-impl] Started resource sandymedicalv2
[ citizen-server-impl] Started resource sandysheriff-mlo
[ citizen-server-impl] Started resource sheriffpaleto
[ citizen-server-impl] Asset vespucci/vesp_01floor_txd.ytd uses 16.2 MiB of physical memory.
[ citizen-server-impl] Asset vespucci/vesp_03floor_txd.ytd uses 17.2 MiB of physical memory.
[38;5;73m[ citizen-server-impl] Asset vespucci/vesp_1floor_txd.ytd uses 21.8 MiB of physical memory.
[ citizen-server-impl] Asset vespucci/vesp_2floor_txd.ytd uses 22.9 MiB of physical memory.
[ citizen-server-impl] Asset vespucci/vesp_txd.ytd uses 24.4 MiB of physical memory.
[ citizen-server-impl] Started resource vespucci
[      script:monitor] [txAdminClient] Threads and commands set up. All Ready.
[      script:oxmysql] Error: Unable to establish a connection to the database!
[      script:oxmysql] [Error: connect ECONNREFUSED 127.0.0.1:3306]
[     script:dpemotes] 
[38;5;133m[     script:dpemotes] dp Emotes (dpemotes) is up to date. (173)
[ citizen-server-impl]         fff                          
[ citizen-server-impl]   cccc ff   xx  xx     rr rr    eee  
[ citizen-server-impl] cc     ffff   xx       rrr  r ee   e 
[ citizen-server-impl] cc     ff     xx   ... rr     eeeee  
[ citizen-server-impl]  ccccc ff   xx  xx ... rr      eeeee 
[ citizen-server-impl]                                      
[ citizen-server-impl] Authenticated with cfx.re Nucleus: https://shadezdamnnn-zbg67p.users.cfx.re/
[ citizen-server-impl] -- [server notice: tebex_not_set]
[ citizen-server-impl] ================
[ citizen-server-impl] Monetize your server using Tebex! Visit https://tebex.io/fivem for more info.
[ citizen-server-impl] ================
[ citizen-server-impl] 
> txaEvent "adminsUpdated" "[]"
> txaEvent "adminsUpdated" "[]"
> txaEvent "adminsUpdated" "[]"
> txaEvent "adminsUpdated" "[]"
> txaEvent "adminsUpdated" "[]"
[ citizen-server-main] -> Quitting: SIGHUP received
