
================================================================
======== Log Rotated - 4/20/2022, 12:35:53 AM                   
================================================================

================================================================
======== FXServer Starting - 4/20/2022, 12:36:00 AM             
================================================================
[    c-scripting-core] Creating script environments for _cfx_internal
[ citizen-server-impl] Scanning resources.
[    c-resources-core] Resource loading for casinopack failed:
[    c-resources-core] Could not open resource metadata file - no such file.
[ citizen-server-impl] Found 127 resources.
[38;5;66m[          svadhesive] Authenticating server license key...
[38;5;66m[          svadhesive] Server license key authentication succeeded. Welcome!
[    c-scripting-core] Creating script environments for sessionmanager
[ citizen-server-impl] Started resource sessionmanager
[    c-scripting-core] Creating script environments for monitor
[      script:monitor] [txAdminClient] Version 4.14.0 starting...
[ citizen-server-impl] Started resource monitor
[    c-scripting-core] Creating script environments for mapmanager
[ citizen-server-impl] Started resource mapmanager
[    c-scripting-core] Creating script environments for yarn
[38;5;73m[ citizen-server-impl] [0m[97mStarted resource yarn
[38;5;161m[    c-scripting-core] Creating script environments for webpack
[ citizen-server-impl] Started resource webpack
[    c-scripting-core] Creating script environments for chat
[ citizen-server-impl] Started resource chat
[ citizen-server-impl] Started resource spawnmanager
[   script:mapmanager] Started gametype Freeroam
[ citizen-server-impl] Started resource basic-gamemode
[    c-scripting-core] Creating script environments for hardcap
[ citizen-server-impl] Started resource hardcap
[    c-scripting-core] Creating script environments for baseevents
[ citizen-server-impl] Started resource baseevents
[    c-scripting-core] Creating script environments for oxmysql
[ citizen-server-impl] Started resource oxmysql
[    c-scripting-core] Creating script environments for qb-core
[ citizen-server-impl] Started resource qb-core
[ citizen-server-impl] Started resource menuv
[    c-scripting-core] Creating script environments for qb-adminmenu
[ citizen-server-impl] Started resource qb-adminmenu
[    c-scripting-core] Creating script environments for qb-ambulancejob
[ citizen-server-impl] Started resource qb-ambulancejob
[    c-scripting-core] Creating script environments for qb-anticheat
[ citizen-server-impl] [97mStarted resource qb-anticheat
[ citizen-server-impl] Started resource qb-interior
[    c-scripting-core] Creating script environments for qb-clothing
[ citizen-server-impl] Started resource qb-clothing
[    c-scripting-core] Creating script environments for qb-weathersync
[ citizen-server-impl] Started resource qb-weathersync
[    c-scripting-core] [97mCreating script environments for qb-apartments
[ citizen-server-impl] Started resource qb-apartments
[    c-scripting-core] Creating script environments for qb-atms
[ citizen-server-impl] Started resource qb-atms
[    c-scripting-core] [97mCreating script environments for qb-banking
[ citizen-server-impl] Started resource qb-banking
[    c-scripting-core] Creating script environments for PolyZone
[ citizen-server-impl] Started resource PolyZone
[    c-scripting-core] Creating script environments for qb-bankrobbery
[ citizen-server-impl] Started resource qb-bankrobbery
[    c-scripting-core] Creating script environments for qb-busjob
[ citizen-server-impl] Started resource qb-busjob
[    c-scripting-core] Creating script environments for qb-butcher
[ citizen-server-impl] Started resource qb-butcher
[    c-scripting-core] Creating script environments for qb-cityhall
[ citizen-server-impl] Started resource qb-cityhall
[    c-scripting-core] Creating script environments for qb-commandbinding
[ citizen-server-impl] Started resource qb-commandbinding
[ citizen-server-impl] Started resource mhacking
[    c-scripting-core] Creating script environments for qb-crypto
[ citizen-server-impl] Started resource qb-crypto
[    c-scripting-core] Creating script environments for qb-customs
[ citizen-server-impl] Started resource qb-customs
[    c-scripting-core] Creating script environments for qb-diving
[ citizen-server-impl] Started resource qb-diving
[    c-scripting-core] [97mCreating script environments for qb-doorlock
[ citizen-server-impl] [0mStarted resource qb-doorlock
[38;5;161m[    c-scripting-core] Creating script environments for qb-drugs
[ citizen-server-impl] Started resource qb-drugs
[    c-scripting-core] Creating script environments for qb-fishing
[ citizen-server-impl] Started resource qb-fishing
[    c-scripting-core] Creating script environments for qb-fitbit
[ citizen-server-impl] Started resource qb-fitbit
[    c-scripting-core] Creating script environments for qb-garages
[ citizen-server-impl] Started resource qb-garages
[    c-scripting-core] Creating script environments for qb-garbagejob
[ citizen-server-impl] Started resource qb-garbagejob
[    c-scripting-core] [97mCreating script environments for qb-hotdogjob
[ citizen-server-impl] Started resource qb-hotdogjob
[ citizen-server-impl] Started resource qb-lockpick
[ citizen-server-impl] Started resource qb-skillbar
[    c-scripting-core] Creating script environments for qb-houserobbery
[ citizen-server-impl] Started resource qb-houserobbery
[    c-scripting-core] Creating script environments for qb-houses
[ citizen-server-impl] Started resource qb-houses
[    c-scripting-core] [97mCreating script environments for qb-hud
[ citizen-server-impl] Started resource qb-hud
[    c-scripting-core] Creating script environments for qb-hunting
[ citizen-server-impl] Started resource qb-hunting
[ citizen-server-impl] Started resource qb-input
[    c-scripting-core] Creating script environments for qb-weapons
[ citizen-server-impl] Started resource qb-weapons
[    c-scripting-core] Creating script environments for qb-inventory
[ citizen-server-impl] Started resource qb-inventory
[    c-scripting-core] [97mCreating script environments for qb-jewelery
[ citizen-server-impl] Started resource qb-jewelery
[ citizen-server-impl] Started resource qb-keyminigame
[    c-scripting-core] Creating script environments for qb-lapraces
[ citizen-server-impl] Started resource qb-lapraces
[    c-scripting-core] Creating script environments for qb-lumberjack
[ citizen-server-impl] Started resource qb-lumberjack
[    c-scripting-core] Creating script environments for qb-management
[ citizen-server-impl] Started resource qb-management
[    c-scripting-core] Creating script environments for qb-mechanicjob
[ citizen-server-impl] [97mStarted resource qb-mechanicjob
[ citizen-server-impl] Started resource qb-menu
[    c-scripting-core] Creating script environments for qb-mine
[ citizen-server-impl] Started resource qb-mine
[    c-scripting-core] Creating script environments for qb-spawn
[ citizen-server-impl] Started resource qb-spawn
[    c-scripting-core] Creating script environments for qb-multicharacter
[ citizen-server-impl] Started resource qb-multicharacter
[    c-scripting-core] [97mCreating script environments for qb-newsjob
[ citizen-server-impl] Started resource qb-newsjob
[    c-scripting-core] [97mCreating script environments for qb-pawnshop
[ citizen-server-impl] Started resource qb-pawnshop
[    c-scripting-core] Creating script environments for qb-phone
[ citizen-server-impl] Started resource qb-phone
[    c-scripting-core] Creating script environments for qb-policejob
[ citizen-server-impl] Started resource qb-policejob
[    c-scripting-core] [97mCreating script environments for qb-prison
[ citizen-server-impl] Started resource qb-prison
[    c-scripting-core] [97mCreating script environments for qb-radialmenu
[ citizen-server-impl] Started resource qb-radialmenu
[    c-scripting-core] Creating script environments for qb-recyclejob
[ citizen-server-impl] Started resource qb-recyclejob
[    c-scripting-core] Creating script environments for qb-scoreboard
[ citizen-server-impl] Started resource qb-scoreboard
[    c-scripting-core] [97mCreating script environments for qb-scrapyard
[ citizen-server-impl] Started resource qb-scrapyard
[    c-scripting-core] Creating script environments for qb-shops
[ citizen-server-impl] Started resource qb-shops
[    c-scripting-core] Creating script environments for qb-smallresources
[ citizen-server-impl] [97mStarted resource qb-smallresources
[    c-scripting-core] Creating script environments for qb-storerobbery
[ citizen-server-impl] Started resource qb-storerobbery
[    c-scripting-core] Creating script environments for qb-streetraces
[ citizen-server-impl] Started resource qb-streetraces
[    c-scripting-core] Creating script environments for qb-tacos
[ citizen-server-impl] Started resource qb-tacos
[ citizen-server-impl] Started resource qb-target
[    c-scripting-core] Creating script environments for qb-taxijob
[ citizen-server-impl] Started resource qb-taxijob
[    c-scripting-core] [97mCreating script environments for qb-towjob
[ citizen-server-impl] Started resource qb-towjob
[    c-scripting-core] Creating script environments for qb-traphouse
[ citizen-server-impl] Started resource qb-traphouse
[    c-scripting-core] [97mCreating script environments for qb-truckerjob
[ citizen-server-impl] Started resource qb-truckerjob
[    c-scripting-core] Creating script environments for qb-truckrobbery
[38;5;73m[ citizen-server-impl] Started resource qb-truckrobbery
[    c-scripting-core] Creating script environments for qb-tunerchip
[ citizen-server-impl] Started resource qb-tunerchip
[    c-scripting-core] Creating script environments for qb-vehiclefailure
[ citizen-server-impl] Started resource qb-vehiclefailure
[    c-scripting-core] Creating script environments for qb-vehiclekeys
[ citizen-server-impl] Started resource qb-vehiclekeys
[    c-scripting-core] Creating script environments for qb-vehiclesales
[ citizen-server-impl] Started resource qb-vehiclesales
[38;5;161m[    c-scripting-core] Creating script environments for qb-vehicleshop
[ citizen-server-impl] Started resource qb-vehicleshop
[    c-scripting-core] Creating script environments for qb-vineyard
[ citizen-server-impl] Started resource qb-vineyard
[    c-scripting-core] Creating script environments for qb-weed
[ citizen-server-impl] Started resource qb-weed
[    c-scripting-core] [97mCreating script environments for LegacyFuel
[ citizen-server-impl] Started resource LegacyFuel
[ citizen-server-impl] Started resource bob74_ipl
[    c-scripting-core] [97mCreating script environments for connectqueue
[38;5;173m[ script:connectqueue] QUEUE:  [connectqueue] Disabling hardcap 
[ citizen-server-impl] Stopping resource hardcap
[ citizen-server-impl] Started resource connectqueue
[    c-scripting-core] Creating script environments for dpemotes
[     script:dpemotes] [dp] Sql Keybinding is turned off, if you want to enable /emotebind, import dpkeybinding.sql and set SqlKeybinding = true in config.lua.
[ citizen-server-impl] [0mStarted resource dpemotes
[    c-scripting-core] Creating script environments for emergency_controls
[ citizen-server-impl] Started resource emergency_controls
[    c-scripting-core] [0mCreating script environments for interact-sound
[ citizen-server-impl] Started resource interact-sound
[ citizen-server-impl] Started resource loadscreen
[ citizen-server-impl] Started resource progressbar
[ citizen-server-impl] Started resource safecracker
[    c-scripting-core] Creating script environments for screenshot-basic
[ citizen-server-impl] Started resource screenshot-basic
[    c-scripting-core] Creating script environments for pma-voice
[ citizen-server-impl] Started resource pma-voice
[    c-scripting-core] Creating script environments for qb-radio
[ citizen-server-impl] Started resource qb-radio
[ citizen-server-impl] Started resource dealer_map
[ citizen-server-impl] Started resource hospital_map
[ citizen-server-impl] Started resource prison_canteen
[ citizen-server-impl] [94mAsset prison_main/desertos_prison.ytd uses 30.5 MiB of physical memory.
[ citizen-server-impl] Started resource prison_main
[ citizen-server-impl] Started resource prison_meeting
[ citizen-server-impl] [94mAsset Court%20House%20-%20UncleJust/jud_txt_q.ytd uses 20.4 MiB of physical memory.
[ citizen-server-impl] Started resource Court%20House%20-%20UncleJust
[ citizen-server-impl] Asset cental_ls_hospital_new/hospital_dge_dropper.ydr uses 26.0 MiB of virtual memory.
[ citizen-server-impl] Asset cental_ls_hospital_new/hospital_gta5rp_txd.ytd uses 26.6 MiB of physical memory.
[38;5;73m[ citizen-server-impl] Started resource cental_ls_hospital_new
[   script:mapmanager] Started map fivem-map-hipster
[ citizen-server-impl] Started resource fivem-map-hipster
[   script:mapmanager] Changing map from fivem-map-hipster to fivem-map-skater
[ citizen-server-impl] Stopping resource fivem-map-hipster
[   script:mapmanager] Started map fivem-map-skater
[ citizen-server-impl] Started resource fivem-map-skater
[ citizen-server-impl] Asset hedwig_sheriff/hedwig_sheriff_txd.ytd uses 17.4 MiB of physical memory.
[ citizen-server-impl] Started resource hedwig_sheriff
[ citizen-server-impl] [0mAsset madrazoranch/ranchoroom9.ydr uses 19.5 MiB of physical memory.
[ citizen-server-impl] Asset madrazoranch/v_56_ranch_shell.ydr uses 23.0 MiB of physical memory.
[ citizen-server-impl] [0mStarted resource madrazoranch
[ citizen-server-impl] [0mAsset patoche_stock/patoche_stock_shell.ydr uses 18.8 MiB of physical memory.
[ citizen-server-impl] Started resource patoche_stock
[           resources] [0mWarning: Resource redm-map-one does not support the current game (gta5).
[ citizen-server-impl] Couldn't start resource redm-map-one.
[ citizen-server-impl] Started resource sandymedicalv2
[ citizen-server-impl] Started resource sheriffpaleto
[ citizen-server-impl] Asset vespucci/vesp_01floor_txd.ytd uses 16.2 MiB of physical memory.
[ citizen-server-impl] Asset vespucci/vesp_03floor_txd.ytd uses 17.2 MiB of physical memory.
[ citizen-server-impl] [0mAsset vespucci/vesp_1floor_txd.ytd uses 21.8 MiB of physical memory.
[ citizen-server-impl] [0mAsset vespucci/vesp_2floor_txd.ytd uses 22.9 MiB of physical memory.
[ citizen-server-impl] [94mAsset vespucci/vesp_txd.ytd uses 24.4 MiB of physical memory.
[ citizen-server-impl] Started resource vespucci
[      script:monitor] [txAdminClient] Threads and commands set up. All Ready.
[      script:oxmysql] Database server connection established!
[     script:dpemotes] [0m
[     script:dpemotes] dp Emotes (dpemotes) is up to date. (173)
[38;5;73m[ citizen-server-impl]         fff                          
[ citizen-server-impl]   cccc ff   xx  xx     rr rr    eee  
[ citizen-server-impl] cc     ffff   xx       rrr  r ee   e 
[ citizen-server-impl] [0mcc     ff     xx   ... rr     eeeee  
[ citizen-server-impl]  ccccc ff   xx  xx ... rr      eeeee 
[ citizen-server-impl]                                      
[ citizen-server-impl] Authenticated with cfx.re Nucleus: https://shadezdamnnn-zbg67p.users.cfx.re/
[ citizen-server-impl] sync thread hitch warning: timer interval of 240 milliseconds
[ citizen-server-impl] network thread hitch warning: timer interval of 287 milliseconds
[ citizen-server-impl] sync thread hitch warning: timer interval of 210 milliseconds
[ citizen-server-impl] server thread hitch warning: timer interval of 200 milliseconds
[ citizen-server-impl] network thread hitch warning: timer interval of 196 milliseconds
[      script:oxmysql] [WARNING] qb-weed took 535.1292ms to execute a query!
[      script:oxmysql]     SELECT * FROM house_plants []
[      script:oxmysql] [WARNING] qb-weed took 536.9525ms to execute a query!
[      script:oxmysql]     SELECT * FROM house_plants []
[      script:oxmysql] [WARNING] qb-banking took 551.4314ms to execute a query!
[      script:oxmysql]     SELECT * FROM bank_accounts WHERE account_type = ? ["Business"]
[      script:oxmysql] [WARNING] qb-policejob took 540.1738ms to execute a query!
[      script:oxmysql]     DELETE FROM stashitems WHERE stash='policetrash' []
[      script:oxmysql] [WARNING] qb-lapraces took 541.6168ms to execute a query!
[      script:oxmysql]     SELECT * FROM lapraces []
[      script:oxmysql] [WARNING] qb-management took 541.2617ms to execute a query!
[      script:oxmysql]     SELECT job_name,amount FROM management_funds WHERE type = "boss" []
[      script:oxmysql] [WARNING] qb-management took 543.4619ms to execute a query!
[      script:oxmysql]     SELECT job_name,amount FROM management_funds WHERE type = "gang" []
[      script:oxmysql] [WARNING] qb-houses took 550.2907ms to execute a query!
[      script:oxmysql]     SELECT * FROM player_houses []
[      script:oxmysql] [WARNING] qb-houses took 551.6877ms to execute a query!
[      script:oxmysql]     SELECT * FROM houselocations []
[ citizen-server-impl] -- [server notice: tebex_not_set]
[ citizen-server-impl] ================
[38;5;73m[ citizen-server-impl] Monetize your server using Tebex! Visit https://tebex.io/fivem for more info.
[ citizen-server-impl] ================
[ citizen-server-impl] 
[38;5;73m[ citizen-server-impl] [0m[0m[91mServer list query returned an error: System.Net.Sockets.SocketException: Host is unreachable <- System.Net.Http.HttpRequestException: Host is unreachable (67.115.42.194:30120)
[38;5;73m[ citizen-server-impl] Server list query returned an error: System.Net.Sockets.SocketException: Host is unreachable <- System.Net.Http.HttpRequestException: Host is unreachable (67.115.42.194:30120)
[38;5;186m[ citizen-server-main] -> Quitting: SIGHUP received

================================================================
======== FXServer Starting - 4/20/2022, 12:45:24 AM             
================================================================
[    c-scripting-core] Creating script environments for _cfx_internal
[ citizen-server-impl] Scanning resources.
[    c-resources-core] Resource loading for casinopack failed:
[38;5;163m[    c-resources-core] Could not open resource metadata file - no such file.
[ citizen-server-impl] Found 127 resources.
[          svadhesive] Authenticating server license key...
[38;5;66m[          svadhesive] Server license key authentication succeeded. Welcome!
[    c-scripting-core] Creating script environments for sessionmanager
[38;5;73m[ citizen-server-impl] Started resource sessionmanager
[38;5;161m[    c-scripting-core] Creating script environments for monitor
[      script:monitor] [txAdminClient] Version 4.14.0 starting...
[ citizen-server-impl] Started resource monitor
[    c-scripting-core] Creating script environments for mapmanager
[ citizen-server-impl] Started resource mapmanager
[    c-scripting-core] Creating script environments for yarn
[ citizen-server-impl] Started resource yarn
[    c-scripting-core] [97mCreating script environments for webpack
[38;5;73m[ citizen-server-impl] Started resource webpack
[38;5;161m[    c-scripting-core] Creating script environments for chat
[ citizen-server-impl] Started resource chat
[ citizen-server-impl] Started resource spawnmanager
[38;5;154m[   script:mapmanager] Started gametype Freeroam
[ citizen-server-impl] Started resource basic-gamemode
[38;5;161m[    c-scripting-core] Creating script environments for hardcap
[ citizen-server-impl] Started resource hardcap
[    c-scripting-core] Creating script environments for baseevents
[ citizen-server-impl] Started resource baseevents
[    c-scripting-core] Creating script environments for oxmysql
[38;5;73m[ citizen-server-impl] Started resource oxmysql
[    c-scripting-core] Creating script environments for qb-core
[ citizen-server-impl] Started resource qb-core
[ citizen-server-impl] Started resource menuv
[    c-scripting-core] Creating script environments for qb-adminmenu
[ citizen-server-impl] Started resource qb-adminmenu
[    c-scripting-core] [97mCreating script environments for qb-ambulancejob
[ citizen-server-impl] Started resource qb-ambulancejob
[    c-scripting-core] Creating script environments for qb-anticheat
[ citizen-server-impl] Started resource qb-anticheat
[ citizen-server-impl] Started resource qb-interior
[    c-scripting-core] Creating script environments for qb-clothing
[ citizen-server-impl] Started resource qb-clothing
[    c-scripting-core] Creating script environments for qb-weathersync
[ citizen-server-impl] Started resource qb-weathersync
[    c-scripting-core] Creating script environments for qb-apartments
[ citizen-server-impl] Started resource qb-apartments
[    c-scripting-core] Creating script environments for qb-atms
[ citizen-server-impl] Started resource qb-atms
[    c-scripting-core] Creating script environments for qb-banking
[ citizen-server-impl] Started resource qb-banking
[    c-scripting-core] Creating script environments for PolyZone
[ citizen-server-impl] Started resource PolyZone
[    c-scripting-core] [97mCreating script environments for qb-bankrobbery
[ citizen-server-impl] Started resource qb-bankrobbery
[    c-scripting-core] Creating script environments for qb-busjob
[ citizen-server-impl] Started resource qb-busjob
[    c-scripting-core] Creating script environments for qb-butcher
[ citizen-server-impl] Started resource qb-butcher
[    c-scripting-core] Creating script environments for qb-cityhall
[ citizen-server-impl] Started resource qb-cityhall
[    c-scripting-core] Creating script environments for qb-commandbinding
[ citizen-server-impl] Started resource qb-commandbinding
[ citizen-server-impl] Started resource mhacking
[    c-scripting-core] Creating script environments for qb-crypto
[ citizen-server-impl] Started resource qb-crypto
[    c-scripting-core] Creating script environments for qb-customs
[ citizen-server-impl] Started resource qb-customs
[    c-scripting-core] [97mCreating script environments for qb-diving
[ citizen-server-impl] Started resource qb-diving
[    c-scripting-core] Creating script environments for qb-doorlock
[ citizen-server-impl] Started resource qb-doorlock
[    c-scripting-core] Creating script environments for qb-drugs
[ citizen-server-impl] Started resource qb-drugs
[    c-scripting-core] Creating script environments for qb-fishing
[ citizen-server-impl] Started resource qb-fishing
[    c-scripting-core] Creating script environments for qb-fitbit
[ citizen-server-impl] Started resource qb-fitbit
[    c-scripting-core] Creating script environments for qb-garages
[ citizen-server-impl] Started resource qb-garages
[    c-scripting-core] Creating script environments for qb-garbagejob
[ citizen-server-impl] Started resource qb-garbagejob
[    c-scripting-core] [97mCreating script environments for qb-hotdogjob
[ citizen-server-impl] Started resource qb-hotdogjob
[ citizen-server-impl] Started resource qb-lockpick
[ citizen-server-impl] Started resource qb-skillbar
[    c-scripting-core] Creating script environments for qb-houserobbery
[ citizen-server-impl] Started resource qb-houserobbery
[    c-scripting-core] Creating script environments for qb-houses
[ citizen-server-impl] Started resource qb-houses
[    c-scripting-core] Creating script environments for qb-hud
[ citizen-server-impl] Started resource qb-hud
[    c-scripting-core] Creating script environments for qb-hunting
[ citizen-server-impl] Started resource qb-hunting
[ citizen-server-impl] Started resource qb-input
[    c-scripting-core] Creating script environments for qb-weapons
[ citizen-server-impl] Started resource qb-weapons
[    c-scripting-core] Creating script environments for qb-inventory
[ citizen-server-impl] Started resource qb-inventory
[    c-scripting-core] Creating script environments for qb-jewelery
[ citizen-server-impl] [97mStarted resource qb-jewelery
[ citizen-server-impl] Started resource qb-keyminigame
[    c-scripting-core] Creating script environments for qb-lapraces
[ citizen-server-impl] Started resource qb-lapraces
[    c-scripting-core] Creating script environments for qb-lumberjack
[ citizen-server-impl] Started resource qb-lumberjack
[    c-scripting-core] Creating script environments for qb-management
[ citizen-server-impl] Started resource qb-management
[    c-scripting-core] Creating script environments for qb-mechanicjob
[ citizen-server-impl] Started resource qb-mechanicjob
[ citizen-server-impl] Started resource qb-menu
[    c-scripting-core] Creating script environments for qb-mine
[ citizen-server-impl] Started resource qb-mine
[    c-scripting-core] [0mCreating script environments for qb-spawn
[ citizen-server-impl] [0mStarted resource qb-spawn
[    c-scripting-core] Creating script environments for qb-multicharacter
[ citizen-server-impl] Started resource qb-multicharacter
[    c-scripting-core] Creating script environments for qb-newsjob
[ citizen-server-impl] Started resource qb-newsjob
[    c-scripting-core] Creating script environments for qb-pawnshop
[ citizen-server-impl] Started resource qb-pawnshop
[    c-scripting-core] Creating script environments for qb-phone
[ citizen-server-impl] Started resource qb-phone
[    c-scripting-core] Creating script environments for qb-policejob
[ citizen-server-impl] Started resource qb-policejob
[    c-scripting-core] Creating script environments for qb-prison
[ citizen-server-impl] Started resource qb-prison
[    c-scripting-core] Creating script environments for qb-radialmenu
[ citizen-server-impl] Started resource qb-radialmenu
[    c-scripting-core] Creating script environments for qb-recyclejob
[ citizen-server-impl] Started resource qb-recyclejob
[    c-scripting-core] Creating script environments for qb-scoreboard
[ citizen-server-impl] Started resource qb-scoreboard
[    c-scripting-core] Creating script environments for qb-scrapyard
[ citizen-server-impl] Started resource qb-scrapyard
[    c-scripting-core] Creating script environments for qb-shops
[ citizen-server-impl] Started resource qb-shops
[    c-scripting-core] Creating script environments for qb-smallresources
[ citizen-server-impl] Started resource qb-smallresources
[    c-scripting-core] Creating script environments for qb-storerobbery
[ citizen-server-impl] Started resource qb-storerobbery
[    c-scripting-core] Creating script environments for qb-streetraces
[ citizen-server-impl] Started resource qb-streetraces
[    c-scripting-core] Creating script environments for qb-tacos
[ citizen-server-impl] Started resource qb-tacos
[ citizen-server-impl] Started resource qb-target
[    c-scripting-core] Creating script environments for qb-taxijob
[ citizen-server-impl] Started resource qb-taxijob
[    c-scripting-core] Creating script environments for qb-towjob
[ citizen-server-impl] Started resource qb-towjob
[    c-scripting-core] Creating script environments for qb-traphouse
[ citizen-server-impl] Started resource qb-traphouse
[    c-scripting-core] Creating script environments for qb-truckerjob
[ citizen-server-impl] Started resource qb-truckerjob
[    c-scripting-core] Creating script environments for qb-truckrobbery
[ citizen-server-impl] Started resource qb-truckrobbery
[    c-scripting-core] Creating script environments for qb-tunerchip
[ citizen-server-impl] Started resource qb-tunerchip
[    c-scripting-core] Creating script environments for qb-vehiclefailure
[ citizen-server-impl] Started resource qb-vehiclefailure
[    c-scripting-core] Creating script environments for qb-vehiclekeys
[ citizen-server-impl] Started resource qb-vehiclekeys
[    c-scripting-core] [97mCreating script environments for qb-vehiclesales
[ citizen-server-impl] Started resource qb-vehiclesales
[    c-scripting-core] Creating script environments for qb-vehicleshop
[ citizen-server-impl] Started resource qb-vehicleshop
[    c-scripting-core] Creating script environments for qb-vineyard
[ citizen-server-impl] Started resource qb-vineyard
[    c-scripting-core] Creating script environments for qb-weed
[ citizen-server-impl] Started resource qb-weed
[    c-scripting-core] Creating script environments for LegacyFuel
[ citizen-server-impl] Started resource LegacyFuel
[ citizen-server-impl] Started resource bob74_ipl
[    c-scripting-core] Creating script environments for connectqueue
[ script:connectqueue] QUEUE:  [connectqueue] Disabling hardcap 
[ citizen-server-impl] Stopping resource hardcap
[ citizen-server-impl] Started resource connectqueue
[    c-scripting-core] Creating script environments for dpemotes
[     script:dpemotes] [dp] Sql Keybinding is turned off, if you want to enable /emotebind, import dpkeybinding.sql and set SqlKeybinding = true in config.lua.
[ citizen-server-impl] Started resource dpemotes
[    c-scripting-core] Creating script environments for emergency_controls
[ citizen-server-impl] Started resource emergency_controls
[38;5;161m[    c-scripting-core] Creating script environments for interact-sound
[ citizen-server-impl] Started resource interact-sound
[ citizen-server-impl] Started resource loadscreen
[38;5;73m[ citizen-server-impl] Started resource progressbar
[ citizen-server-impl] Started resource safecracker
[    c-scripting-core] Creating script environments for screenshot-basic
[ citizen-server-impl] Started resource screenshot-basic
[    c-scripting-core] Creating script environments for pma-voice
[ citizen-server-impl] Started resource pma-voice
[    c-scripting-core] Creating script environments for qb-radio
[ citizen-server-impl] Started resource qb-radio
[ citizen-server-impl] Started resource dealer_map
[ citizen-server-impl] Started resource hospital_map
[ citizen-server-impl] Started resource prison_canteen
[ citizen-server-impl] Asset prison_main/desertos_prison.ytd uses 30.5 MiB of physical memory.
[ citizen-server-impl] Started resource prison_main
[ citizen-server-impl] Started resource prison_meeting
[ citizen-server-impl] Asset Court%20House%20-%20UncleJust/jud_txt_q.ytd uses 20.4 MiB of physical memory.
[ citizen-server-impl] Started resource Court%20House%20-%20UncleJust
[ citizen-server-impl] Asset cental_ls_hospital_new/hospital_dge_dropper.ydr uses 26.0 MiB of virtual memory.
[ citizen-server-impl] Asset cental_ls_hospital_new/hospital_gta5rp_txd.ytd uses 26.6 MiB of physical memory.
[ citizen-server-impl] Started resource cental_ls_hospital_new
[   script:mapmanager] Started map fivem-map-hipster
[ citizen-server-impl] Started resource fivem-map-hipster
[   script:mapmanager] Changing map from fivem-map-hipster to fivem-map-skater
[ citizen-server-impl] Stopping resource fivem-map-hipster
[   script:mapmanager] Started map fivem-map-skater
[ citizen-server-impl] Started resource fivem-map-skater
[ citizen-server-impl] Asset hedwig_sheriff/hedwig_sheriff_txd.ytd uses 17.4 MiB of physical memory.
[ citizen-server-impl] Started resource hedwig_sheriff
[ citizen-server-impl] Asset madrazoranch/ranchoroom9.ydr uses 19.5 MiB of physical memory.
[ citizen-server-impl] Asset madrazoranch/v_56_ranch_shell.ydr uses 23.0 MiB of physical memory.
[ citizen-server-impl] Started resource madrazoranch
[ citizen-server-impl] [94mAsset patoche_stock/patoche_stock_shell.ydr uses 18.8 MiB of physical memory.
[ citizen-server-impl] Started resource patoche_stock
[           resources] Warning: Resource redm-map-one does not support the current game (gta5).
[ citizen-server-impl] Couldn't start resource redm-map-one.
[ citizen-server-impl] Started resource sandymedicalv2
[ citizen-server-impl] Started resource sheriffpaleto
[ citizen-server-impl] Asset vespucci/vesp_01floor_txd.ytd uses 16.2 MiB of physical memory.
[ citizen-server-impl] Asset vespucci/vesp_03floor_txd.ytd uses 17.2 MiB of physical memory.
[ citizen-server-impl] [0mAsset vespucci/vesp_1floor_txd.ytd uses 21.8 MiB of physical memory.
[ citizen-server-impl] Asset vespucci/vesp_2floor_txd.ytd uses 22.9 MiB of physical memory.
[ citizen-server-impl] Asset vespucci/vesp_txd.ytd uses 24.4 MiB of physical memory.
[ citizen-server-impl] Started resource vespucci
[      script:monitor] [txAdminClient] Threads and commands set up. All Ready.
[      script:oxmysql] Database server connection established!
[38;5;73m[ citizen-server-impl]         fff                          
[ citizen-server-impl]   cccc ff   xx  xx     rr rr    eee  
[ citizen-server-impl] cc     ffff   xx       rrr  r ee   e 
[ citizen-server-impl] cc     ff     xx   ... rr     eeeee  
[38;5;73m[ citizen-server-impl]  ccccc ff   xx  xx ... rr      eeeee 
[ citizen-server-impl]                                      
[ citizen-server-impl] Authenticated with cfx.re Nucleus: https://shadezdamnnn-zbg67p.users.cfx.re/
[38;5;133m[     script:dpemotes] 
[     script:dpemotes] dp Emotes (dpemotes) is up to date. (173)
[ citizen-server-impl] -- [server notice: tebex_not_set]
[38;5;73m[ citizen-server-impl] ================
[ citizen-server-impl] Monetize your server using Tebex! Visit https://tebex.io/fivem for more info.
[ citizen-server-impl] ================
[ citizen-server-impl] 
[ citizen-server-main] -> Quitting: SIGHUP received
