
================================================================
======== txAdmin Starting - 4/14/2022, 4:14:08 AM               
================================================================

================================================================
======== Log Rotated - 4/14/2022, 4:14:08 AM                    
================================================================
[4:14:33 AM] txAdmin: Logger started
[4:22:13 AM] [rdNC9#1] Shadezy: joined with identifiers [license:3790f54a979b677419187732d7475019debffb9e; xbl:2535436218097163; live:1055522042001500; discord:152530599611990017; fivem:225962; license2:c40e80752ae23a4e3cecc9179dd56eb3e739361d]
[5:29:11 AM] [rdNC9#1] Shadezy: died from suicide (Falling)
[5:29:51 AM] [rdNC9#1] Shadezy: died from suicide (Falling)
[7:44:53 AM] [rdNC9#1] Shadezy: disconnected (Exiting)
[7:45:36 AM] [rdNC9#2] Shadezy: joined with identifiers [license:3790f54a979b677419187732d7475019debffb9e; xbl:2535436218097163; live:1055522042001500; discord:152530599611990017; fivem:225962; license2:c40e80752ae23a4e3cecc9179dd56eb3e739361d]
[8:03:56 AM] [rdNC9#2] Shadezy: said "//restart qb-butcher"
[8:08:30 AM] [rdNC9#2] Shadezy: disconnected (Exiting)

================================================================
======== txAdmin Starting - 4/14/2022, 8:08:53 AM               
================================================================
[8:09:00 AM] txAdmin: Logger started

================================================================
======== txAdmin Starting - 4/14/2022, 8:10:14 AM               
================================================================
[8:10:20 AM] txAdmin: Logger started

================================================================
======== txAdmin Starting - 4/14/2022, 8:11:13 AM               
================================================================
[8:11:19 AM] txAdmin: Logger started

================================================================
======== txAdmin Starting - 4/14/2022, 8:20:45 AM               
================================================================
[8:20:51 AM] txAdmin: Logger started
[8:23:59 AM] [d6rTQ#1] Shadezy: joined with identifiers [license:3790f54a979b677419187732d7475019debffb9e; xbl:2535436218097163; live:1055522042001500; discord:152530599611990017; fivem:225962; license2:c40e80752ae23a4e3cecc9179dd56eb3e739361d]
[8:24:43 AM] [d6rTQ#1] Shadezy: died from suicide (Falling)
[8:26:20 AM] [d6rTQ#1] Shadezy: disconnected (Server shutting down: SIGHUP received)

================================================================
======== txAdmin Starting - 4/14/2022, 4:56:28 PM               
================================================================
[4:56:56 PM] txAdmin: Logger started

================================================================
======== txAdmin Starting - 4/14/2022, 5:55:13 PM               
================================================================
[5:55:21 PM] txAdmin: Logger started
[5:56:55 PM] [QmR3P#1] Shadezy: joined with identifiers [license:3790f54a979b677419187732d7475019debffb9e; xbl:2535436218097163; live:1055522042001500; discord:152530599611990017; fivem:225962; license2:c40e80752ae23a4e3cecc9179dd56eb3e739361d]
[6:02:39 PM] [QmR3P#1] Shadezy: disconnected (Exiting)
[6:21:51 PM] [QmR3P#2] Shadezy: joined with identifiers [license:3790f54a979b677419187732d7475019debffb9e; xbl:2535436218097163; live:1055522042001500; discord:152530599611990017; fivem:225962; license2:c40e80752ae23a4e3cecc9179dd56eb3e739361d]
[6:37:43 PM] [QmR3P#2] Shadezy: disconnected (Server shutting down: SIGHUP received)
