
================================================================
======== txAdmin Starting - 4/21/2022, 7:20:54 PM               
================================================================

================================================================
======== Log Rotated - 4/21/2022, 7:20:55 PM                    
================================================================
[7:21:38 PM] txAdmin: Logger started

================================================================
======== txAdmin Starting - 4/21/2022, 7:27:07 PM               
================================================================
[7:27:14 PM] txAdmin: Logger started

================================================================
======== txAdmin Starting - 4/21/2022, 7:44:25 PM               
================================================================
[7:44:32 PM] txAdmin: Logger started
[7:45:00 PM] [kNhjt#1] Stryker25: joined with identifiers [steam:1100001094e6f09; license:3eeaa17898686b066559643e7d727965c20876a1; xbl:2535441224947624; live:1055522494977217; discord:368824997885640705; fivem:6677491]
[7:46:16 PM] [kNhjt#1] Stryker25: disconnected (Exiting)

================================================================
======== txAdmin Starting - 4/21/2022, 8:04:58 PM               
================================================================
[8:05:05 PM] txAdmin: Logger started

================================================================
======== txAdmin Starting - 4/21/2022, 8:05:17 PM               
================================================================

================================================================
======== txAdmin Starting - 4/21/2022, 8:14:25 PM               
================================================================
[8:15:19 PM] txAdmin: Logger started

================================================================
======== txAdmin Starting - 4/21/2022, 8:41:30 PM               
================================================================

================================================================
======== txAdmin Starting - 4/21/2022, 8:45:20 PM               
================================================================
[8:46:18 PM] txAdmin: Logger started

================================================================
======== txAdmin Starting - 4/21/2022, 8:51:17 PM               
================================================================
[8:52:11 PM] txAdmin: Logger started
