
================================================================
======== txAdmin Starting - 4/18/2022, 2:53:04 AM               
================================================================

================================================================
======== Log Rotated - 4/18/2022, 2:53:04 AM                    
================================================================

================================================================
======== txAdmin Starting - 4/18/2022, 2:53:41 AM               
================================================================
[2:53:48 AM] txAdmin: Logger started
[3:00:07 AM] [PcfEL#1] Shadezy: joined with identifiers [license:3790f54a979b677419187732d7475019debffb9e; discord:152530599611990017; fivem:225962; license2:c40e80752ae23a4e3cecc9179dd56eb3e739361d]
[3:03:01 AM] [PcfEL#1] Shadezy: said "/-engine"
[3:04:50 AM] [PcfEL#1] Shadezy: disconnected (Exiting)
[3:34:10 AM] [PcfEL#2] LiterallyLowd: joined with identifiers [license:9ef4cb8af5c875fe5bda9788bfcca855608afaaa; xbl:2533274874194488; live:1055521507060000; discord:81189482304376832; fivem:170921; license2:f3cd116ff308e39710294936a453af8053fde7f1]
[3:35:06 AM] [PcfEL#2] LiterallyLowd: died from suicide (Falling)
[3:35:38 AM] [PcfEL#3] Stryker25: joined with identifiers [license:3eeaa17898686b066559643e7d727965c20876a1; xbl:2535441224947624; live:1055522494977217; discord:368824997885640705]
[3:36:38 AM] [PcfEL#2] LiterallyLowd: healed themself
[3:36:39 AM] [PcfEL#4] Ryan: joined with identifiers [license:3790f54a979b677419187732d7475019debffb9e; xbl:2535436218097163; live:1055522042001500; discord:152530599611990017; fivem:225962; license2:c40e80752ae23a4e3cecc9179dd56eb3e739361d]
[3:37:16 AM] [PcfEL#2] LiterallyLowd: healed themself
[3:37:18 AM] [PcfEL#3] Stryker25: died from suicide (Falling)
[3:38:08 AM] [PcfEL#3] Stryker25: said "/respawn"
[3:38:23 AM] [PcfEL#3] Stryker25: said "/-engine"
[3:42:35 AM] [PcfEL#3] Stryker25: said "/-engine"
[3:43:18 AM] [PcfEL#2] LiterallyLowd: teleported to player [??] unknown (x=16.879, y=12.343, z=70.528)
[3:43:50 AM] [PcfEL#2] LiterallyLowd: died from Fist by Stryker25
[3:44:41 AM] [PcfEL#2] LiterallyLowd: died from suicide (Falling)
[3:45:17 AM] [PcfEL#3] Stryker25: disconnected (Exiting)
[3:46:32 AM] [PcfEL#5] Stryker25: joined with identifiers [license:3eeaa17898686b066559643e7d727965c20876a1; xbl:2535441224947624; live:1055522494977217; discord:368824997885640705; fivem:6677491]
[3:47:40 AM] [PcfEL#5] Stryker25: enabled noclip
[3:47:44 AM] [PcfEL#5] Stryker25: became mortal (standard mode)
[3:48:34 AM] [PcfEL#4] Ryan: healed player [#2] LiterallyLowd
[3:48:40 AM] [PcfEL#4] Ryan: triggered wild attack on [#2] LiterallyLowd
[3:48:56 AM] [PcfEL#2] LiterallyLowd: died from suicide (Fist)
[3:49:04 AM] [PcfEL#4] Ryan: healed player [#2] LiterallyLowd
[3:49:23 AM] [PcfEL#4] Ryan: triggered drunk effect on [#2] LiterallyLowd
[3:49:26 AM] [PcfEL#4] Ryan: triggered drunk effect on [#2] LiterallyLowd
[3:49:37 AM] [PcfEL#4] Ryan: set [#2] LiterallyLowd on fire
[3:49:42 AM] [PcfEL#2] LiterallyLowd: died from suicide (Fire)
[3:49:49 AM] [PcfEL#2] LiterallyLowd: healed player [#2] LiterallyLowd
[3:49:49 AM] [PcfEL#4] Ryan: healed player [#2] LiterallyLowd
[3:50:03 AM] [PcfEL#4] Ryan: triggered wild attack on [#5] Stryker25
[3:50:24 AM] [PcfEL#4] Ryan: healed player [#5] Stryker25
[3:50:53 AM] [PcfEL#4] Ryan: cleared an area with 300m radius
[3:51:28 AM] [PcfEL#5] Stryker25: teleported to player [??] unknown (x=-29.578, y=-145.134, z=57.015)
[3:52:25 AM] [PcfEL#5] Stryker25: teleported to player [??] unknown (x=55.952, y=-179.842, z=54.942)
[3:52:45 AM] [PcfEL#5] Stryker25: spawned a vehicle (model: police)
[3:53:02 AM] [PcfEL#5] Stryker25: spawned a vehicle (model: nero)
[3:53:14 AM] [PcfEL#5] Stryker25: spawned a vehicle (model: buzzard)
[3:53:29 AM] [PcfEL#5] Stryker25: spawned a vehicle (model: adder)
[3:53:47 AM] [PcfEL#5] Stryker25: made a server-wide announcement: this is a test of tx admin functions
[3:53:56 AM] [PcfEL#5] Stryker25: healed all players!
[3:56:28 AM] [PcfEL#5] Stryker25: teleported to a waypoint
[3:57:05 AM] [PcfEL#2] LiterallyLowd: teleported to a waypoint
[3:57:29 AM] [PcfEL#5] Stryker25: teleported to player [??] unknown (x=-1088.743, y=-813.402, z=19.035)
[4:05:04 AM] [PcfEL#2] LiterallyLowd: died from suicide (Falling)
[4:05:25 AM] [PcfEL#2] LiterallyLowd: healed themself
[4:10:03 AM] [PcfEL#4] Ryan: disconnected (Exiting)
[4:10:22 AM] [PcfEL#6] Ryan: joined with identifiers [license:3790f54a979b677419187732d7475019debffb9e; xbl:2535436218097163; live:1055522042001500; discord:152530599611990017; fivem:225962; license2:c40e80752ae23a4e3cecc9179dd56eb3e739361d]
[4:10:43 AM] [PcfEL#6] Ryan: disconnected (Exiting)
[4:10:58 AM] [PcfEL#7] Ryan: joined with identifiers [license:3790f54a979b677419187732d7475019debffb9e; xbl:2535436218097163; live:1055522042001500; discord:152530599611990017; fivem:225962; license2:c40e80752ae23a4e3cecc9179dd56eb3e739361d]
[4:11:20 AM] [PcfEL#7] Ryan: disconnected (Exiting)
[4:11:36 AM] [PcfEL#8] Ryan: joined with identifiers [license:3790f54a979b677419187732d7475019debffb9e; xbl:2535436218097163; live:1055522042001500; discord:152530599611990017; fivem:225962; license2:c40e80752ae23a4e3cecc9179dd56eb3e739361d]
[4:11:44 AM] [PcfEL#8] Ryan: disconnected (Exiting)
[4:12:00 AM] [PcfEL#9] Ryan: joined with identifiers [license:3790f54a979b677419187732d7475019debffb9e; xbl:2535436218097163; live:1055522042001500; discord:152530599611990017; fivem:225962; license2:c40e80752ae23a4e3cecc9179dd56eb3e739361d]
[4:15:11 AM] [PcfEL#10] RudeIrishKnight: joined with identifiers [license:332375a4619bc23ce15c40c90d4d3cdd55988677; xbl:2533274818250772; live:985156095341904; discord:825106737904353380]
[4:16:39 AM] [PcfEL#9] Ryan: disconnected (Exiting)
[4:16:46 AM] [PcfEL#10] RudeIrishKnight: died from suicide (Falling)
[4:17:34 AM] [PcfEL#2] LiterallyLowd: died from suicide (Falling)
[4:17:45 AM] [PcfEL#2] LiterallyLowd: healed themself
[4:17:55 AM] [PcfEL#5] Stryker25: summoned player [#10] RudeIrishKnight
[4:18:17 AM] [PcfEL#5] Stryker25: teleported to player [??] unknown (x=-1055.538, y=-846.066, z=4.865)
[4:18:24 AM] [PcfEL#5] Stryker25: healed player [#10] RudeIrishKnight
[4:18:40 AM] [PcfEL#5] Stryker25: toggled freeze on player [#10] RudeIrishKnight
[4:18:40 AM] [PcfEL#5] Stryker25: toggled freeze on player [#10] RudeIrishKnight
[4:20:39 AM] [PcfEL#5] Stryker25: healed player [#10] RudeIrishKnight
[4:20:39 AM] [PcfEL#5] Stryker25: healed player [#10] RudeIrishKnight
[4:20:39 AM] [PcfEL#5] Stryker25: healed player [#10] RudeIrishKnight
[4:20:40 AM] [PcfEL#5] Stryker25: healed player [#10] RudeIrishKnight
[4:20:40 AM] [PcfEL#5] Stryker25: healed player [#10] RudeIrishKnight
[4:20:40 AM] [PcfEL#5] Stryker25: healed player [#10] RudeIrishKnight
[4:20:40 AM] [PcfEL#5] Stryker25: healed player [#10] RudeIrishKnight
[4:20:40 AM] [PcfEL#5] Stryker25: healed player [#10] RudeIrishKnight
[4:20:53 AM] [PcfEL#5] Stryker25: healed themself
[4:20:54 AM] [PcfEL#5] Stryker25: healed all players!
[4:21:46 AM] [PcfEL#5] Stryker25: summoned player [#10] RudeIrishKnight
[4:22:03 AM] [PcfEL#2] LiterallyLowd: spawned a vehicle (model: police)
[4:22:35 AM] [PcfEL#5] Stryker25: healed all players!
[4:22:36 AM] [PcfEL#5] Stryker25: healed all players!
[4:23:08 AM] [PcfEL#2] LiterallyLowd: teleported to a waypoint
[4:23:20 AM] [PcfEL#5] Stryker25: healed player [#2] LiterallyLowd
[4:24:23 AM] [PcfEL#10] RudeIrishKnight: disconnected (Exiting)
[4:24:27 AM] [PcfEL#5] Stryker25: teleported to a waypoint
[4:25:11 AM] [PcfEL#2] LiterallyLowd: disconnected (Exiting)
[4:25:11 AM] [PcfEL#11] RudeIrishKnight: joined with identifiers [license:332375a4619bc23ce15c40c90d4d3cdd55988677; xbl:2533274818250772; live:985156095341904; discord:825106737904353380]
[4:26:00 AM] [PcfEL#5] Stryker25: said "/onduty"
[4:26:00 AM] [PcfEL#12] LiterallyLowd: joined with identifiers [license:9ef4cb8af5c875fe5bda9788bfcca855608afaaa; xbl:2533274874194488; live:1055521507060000; discord:81189482304376832; fivem:170921; license2:f3cd116ff308e39710294936a453af8053fde7f1]
[4:26:03 AM] [PcfEL#5] Stryker25: said "/goonduty"
[4:26:17 AM] [PcfEL#5] Stryker25: said "/speed"
[4:27:46 AM] [PcfEL#5] Stryker25: disconnected (Disconnected.)
[4:28:25 AM] [PcfEL#13] Stryker25: joined with identifiers [license:3eeaa17898686b066559643e7d727965c20876a1; xbl:2535441224947624; live:1055522494977217; discord:368824997885640705; fivem:6677491]
[4:29:34 AM] [PcfEL#13] Stryker25: summoned player [#11] RudeIrishKnight
[4:29:48 AM] [PcfEL#12] LiterallyLowd: summoned player [#11] RudeIrishKnight
[4:30:24 AM] [PcfEL#13] Stryker25: died from Pistol by LiterallyLowd
[4:30:31 AM] [PcfEL#13] Stryker25: toggled freeze on player [#12] LiterallyLowd
[4:30:34 AM] [PcfEL#13] Stryker25: triggered wild attack on [#12] LiterallyLowd
[4:30:34 AM] [PcfEL#13] Stryker25: triggered wild attack on [#12] LiterallyLowd
[4:30:58 AM] [PcfEL#12] LiterallyLowd: healed player [#13] Stryker25
[4:30:58 AM] [PcfEL#13] Stryker25: healed player [#13] Stryker25
[4:31:04 AM] [PcfEL#13] Stryker25: said "/respawn"
[4:31:27 AM] [PcfEL#13] Stryker25: healed themself
[4:31:29 AM] [PcfEL#13] Stryker25: healed all players!
[4:31:30 AM] [PcfEL#12] LiterallyLowd: healed all players!
[4:31:35 AM] [PcfEL#13] Stryker25: toggled freeze on player [#12] LiterallyLowd
[4:33:16 AM] [PcfEL#13] Stryker25: said "//disconnect"
[4:33:20 AM] [PcfEL#13] Stryker25: disconnected (Disconnected.)
[4:33:58 AM] [PcfEL#14] Stryker25: joined with identifiers [license:3eeaa17898686b066559643e7d727965c20876a1; xbl:2535441224947624; live:1055522494977217; discord:368824997885640705; fivem:6677491]
[4:34:38 AM] [PcfEL#14] Stryker25: enabled god mode
[4:36:46 AM] [PcfEL#14] Stryker25: spawned a vehicle (model: police2)
[4:36:56 AM] [PcfEL#14] Stryker25: said "/-engine"
[4:37:40 AM] [PcfEL#14] Stryker25: repaired their vehicle
[4:38:26 AM] [PcfEL#11] RudeIrishKnight: said "/-engine"
[4:39:15 AM] [PcfEL#11] RudeIrishKnight: said "/-engine"
[4:39:33 AM] [PcfEL#11] RudeIrishKnight: said "/-engine"
[4:40:02 AM] [PcfEL#11] RudeIrishKnight: said "/-engine"
[4:40:03 AM] [PcfEL#14] Stryker25: teleported to a waypoint
[4:40:09 AM] [PcfEL#14] Stryker25: healed themself
[4:40:17 AM] [PcfEL#12] LiterallyLowd: teleported to a waypoint
[4:40:47 AM] [PcfEL#14] Stryker25: teleported to a waypoint
[4:41:08 AM] [PcfEL#12] LiterallyLowd: disconnected (Exiting)
[4:41:24 AM] [PcfEL#14] Stryker25: teleported to a waypoint
[4:42:36 AM] [PcfEL#14] Stryker25: teleported to a waypoint
[4:44:32 AM] [PcfEL#14] Stryker25: spawned a vehicle (model: sanchez)
[4:44:43 AM] [PcfEL#14] Stryker25: said "/on"
[4:45:01 AM] [PcfEL#14] Stryker25: said "/-engine"
[4:47:07 AM] [PcfEL#14] Stryker25: teleported to a waypoint
[4:50:39 AM] [PcfEL#14] Stryker25: teleported to a waypoint
[4:51:49 AM] [PcfEL#14] Stryker25: teleported to a waypoint
[4:59:06 AM] [PcfEL#11] RudeIrishKnight: said "/delveh"
[4:59:26 AM] [PcfEL#11] RudeIrishKnight: said "/-engine"
[5:00:22 AM] [PcfEL#11] RudeIrishKnight: disconnected (Exiting)
[5:00:51 AM] [PcfEL#14] Stryker25: spawned a vehicle (model: esskey)
[5:01:31 AM] [PcfEL#14] Stryker25: said "/-engine"
[5:01:42 AM] [PcfEL#14] Stryker25: spawned a vehicle (model: esskey)
[5:07:38 AM] [PcfEL#14] Stryker25: repaired their vehicle
[5:10:42 AM] [PcfEL#14] Stryker25: disconnected (Exiting)
[2:15:02 PM] [PcfEL#15] LiterallyLowd: joined with identifiers [license:9ef4cb8af5c875fe5bda9788bfcca855608afaaa; xbl:2533274874194488; live:1055521507060000; discord:81189482304376832; fivem:170921; license2:f3cd116ff308e39710294936a453af8053fde7f1]
[2:22:13 PM] [PcfEL#15] LiterallyLowd: teleported to a waypoint
[2:23:03 PM] [PcfEL#15] LiterallyLowd: teleported to a waypoint
[2:26:56 PM] [PcfEL#16] Ryan: joined with identifiers [license:3790f54a979b677419187732d7475019debffb9e; xbl:2535436218097163; live:1055522042001500; discord:152530599611990017; fivem:225962; license2:c40e80752ae23a4e3cecc9179dd56eb3e739361d]
[2:27:52 PM] [PcfEL#16] Ryan: disconnected (Exiting)

================================================================
======== txAdmin Starting - 4/18/2022, 2:28:21 PM               
================================================================
[2:28:28 PM] txAdmin: Logger started

================================================================
======== txAdmin Starting - 4/18/2022, 2:29:42 PM               
================================================================
[2:29:48 PM] txAdmin: Logger started
[2:30:17 PM] [UeLhQ#1] LiterallyLowd: joined with identifiers [license:9ef4cb8af5c875fe5bda9788bfcca855608afaaa; xbl:2533274874194488; live:1055521507060000; discord:81189482304376832; fivem:170921; license2:f3cd116ff308e39710294936a453af8053fde7f1]
[2:30:17 PM] [UeLhQ#2] Ryan: joined with identifiers [license:3790f54a979b677419187732d7475019debffb9e; xbl:2535436218097163; live:1055522042001500; discord:152530599611990017; fivem:225962; license2:c40e80752ae23a4e3cecc9179dd56eb3e739361d]
[2:31:12 PM] [UeLhQ#1] LiterallyLowd: healed themself
[2:36:45 PM] [UeLhQ#1] LiterallyLowd: healed themself
[2:36:47 PM] [UeLhQ#1] LiterallyLowd: healed all players!
[2:37:50 PM] [UeLhQ#2] Ryan: triggered wild attack on [#1] LiterallyLowd
[2:39:37 PM] [UeLhQ#2] Ryan: said "/-engine"
[2:39:37 PM] [UeLhQ#2] Ryan: said "/-engine"
[2:39:37 PM] [UeLhQ#2] Ryan: said "/-engine"
[2:39:38 PM] [UeLhQ#2] Ryan: said "/-engine"
[2:39:52 PM] [UeLhQ#1] LiterallyLowd: died from Fist by Ryan
[2:40:05 PM] [UeLhQ#2] Ryan: healed player [#1] LiterallyLowd
[2:40:09 PM] [UeLhQ#2] Ryan: healed player [#1] LiterallyLowd
[2:40:11 PM] [UeLhQ#2] Ryan: triggered wild attack on [#1] LiterallyLowd
[2:41:15 PM] [UeLhQ#1] LiterallyLowd: healed all players!
[2:41:16 PM] [UeLhQ#1] LiterallyLowd: healed themself
[2:41:16 PM] [UeLhQ#2] Ryan: cleared an area with 300m radius
[2:41:17 PM] [UeLhQ#1] LiterallyLowd: healed themself
[2:41:17 PM] [UeLhQ#1] LiterallyLowd: healed themself
[2:41:17 PM] [UeLhQ#1] LiterallyLowd: healed themself
[2:41:18 PM] [UeLhQ#1] LiterallyLowd: healed themself
[2:41:27 PM] [UeLhQ#1] LiterallyLowd: cleared an area with 100m radius
[2:41:41 PM] [UeLhQ#1] LiterallyLowd: teleported to player [??] unknown (x=612.752, y=72.462, z=91.270)
[2:42:35 PM] [UeLhQ#1] LiterallyLowd: died from suicide
[2:44:01 PM] [UeLhQ#1] LiterallyLowd: disconnected (Exiting)
[2:49:53 PM] [UeLhQ#2] Ryan: disconnected (Exiting)
[2:50:40 PM] [UeLhQ#3] LiterallyLowd: joined with identifiers [license:9ef4cb8af5c875fe5bda9788bfcca855608afaaa; xbl:2533274874194488; live:1055521507060000; discord:81189482304376832; fivem:170921; license2:f3cd116ff308e39710294936a453af8053fde7f1]
[2:51:45 PM] [UeLhQ#4] Ryan: joined with identifiers [license:3790f54a979b677419187732d7475019debffb9e; xbl:2535436218097163; live:1055522042001500; discord:152530599611990017; fivem:225962; license2:c40e80752ae23a4e3cecc9179dd56eb3e739361d]
[2:51:53 PM] [UeLhQ#3] LiterallyLowd: disconnected (Exiting)
[2:51:59 PM] [UeLhQ#4] Ryan: disconnected (Exiting)

================================================================
======== txAdmin Starting - 4/18/2022, 2:52:14 PM               
================================================================
[2:52:21 PM] txAdmin: Logger started
[3:06:45 PM] [YnLhV#1] Ryan: joined with identifiers [license:3790f54a979b677419187732d7475019debffb9e; xbl:2535436218097163; live:1055522042001500; discord:152530599611990017; fivem:225962; license2:c40e80752ae23a4e3cecc9179dd56eb3e739361d]
[3:07:36 PM] [YnLhV#1] Ryan: said "admin"
[3:07:45 PM] [YnLhV#1] Ryan: died from suicide (Falling)
[3:14:57 PM] [YnLhV#1] Ryan: died from suicide (Falling)

================================================================
======== txAdmin Starting - 4/18/2022, 3:15:57 PM               
================================================================
[3:16:04 PM] txAdmin: Logger started
[3:16:32 PM] [WQHrp#1] Ryan: joined with identifiers [license:3790f54a979b677419187732d7475019debffb9e; xbl:2535436218097163; live:1055522042001500; discord:152530599611990017; fivem:225962; license2:c40e80752ae23a4e3cecc9179dd56eb3e739361d]
[3:17:25 PM] [WQHrp#1] Ryan: died from suicide (Falling)
[3:21:51 PM] [WQHrp#1] Ryan: healed player [#1] Ryan
[3:21:59 PM] [WQHrp#1] Ryan: died from suicide (Falling)
[3:24:42 PM] [WQHrp#1] Ryan: said "/txc"
[3:24:51 PM] [WQHrp#1] Ryan: healed player [#1] Ryan
[3:26:01 PM] [WQHrp#1] Ryan: died from suicide (Falling)
[3:27:02 PM] [WQHrp#1] Ryan: disconnected (Exiting)

================================================================
======== txAdmin Starting - 4/18/2022, 3:36:48 PM               
================================================================
[3:36:55 PM] txAdmin: Logger started
[3:37:24 PM] [P94MW#1] Ryan: joined with identifiers [license:3790f54a979b677419187732d7475019debffb9e; xbl:2535436218097163; live:1055522042001500; discord:152530599611990017; fivem:225962; license2:c40e80752ae23a4e3cecc9179dd56eb3e739361d]
[3:38:12 PM] [P94MW#1] Ryan: died from suicide (Falling)
[3:43:33 PM] [P94MW#1] Ryan: disconnected (Exiting)
[3:43:58 PM] [P94MW#2] Ryan: joined with identifiers [license:3790f54a979b677419187732d7475019debffb9e; xbl:2535436218097163; live:1055522042001500; discord:152530599611990017; fivem:225962; license2:c40e80752ae23a4e3cecc9179dd56eb3e739361d]
[5:08:37 PM] [P94MW#3] Stryker25: joined with identifiers [license:3eeaa17898686b066559643e7d727965c20876a1; xbl:2535441224947624; live:1055522494977217; discord:368824997885640705; fivem:6677491]
[5:09:54 PM] [P94MW#3] Stryker25: teleported to player [??] unknown (x=-427.780, y=6028.167, z=31.487)
[5:10:43 PM] [P94MW#2] Ryan: triggered wild attack on [#3] Stryker25
[5:11:01 PM] [P94MW#3] Stryker25: died from Fist by Ryan
[5:11:11 PM] [P94MW#3] Stryker25: healed player [#3] Stryker25
[5:11:25 PM] [P94MW#3] Stryker25: triggered wild attack on [#2] Ryan
[5:11:25 PM] [P94MW#3] Stryker25: triggered wild attack on [#2] Ryan
[5:11:26 PM] [P94MW#3] Stryker25: triggered wild attack on [#2] Ryan
[5:11:45 PM] [P94MW#2] Ryan: died from suicide (Animal)
[5:13:10 PM] [P94MW#3] Stryker25: died from suicide (Animal)
[5:13:18 PM] [P94MW#3] Stryker25: healed themself
[5:13:44 PM] [P94MW#3] Stryker25: teleported to a waypoint
[5:13:48 PM] [P94MW#3] Stryker25: healed themself
[5:26:57 PM] [P94MW#3] Stryker25: deleted a vehicle
[5:27:51 PM] [P94MW#3] Stryker25: said "/-engine"
[5:27:53 PM] [P94MW#3] Stryker25: said "/-engine"
[5:29:31 PM] [P94MW#3] Stryker25: died from suicide
[5:29:45 PM] [P94MW#3] Stryker25: healed themself
[5:29:58 PM] [P94MW#3] Stryker25: healed themself
[5:29:59 PM] [P94MW#3] Stryker25: repaired their vehicle
[5:38:55 PM] [P94MW#3] Stryker25: said "/sit"
[6:17:02 PM] [P94MW#2] Ryan: disconnected (Exiting)
[6:17:29 PM] [P94MW#4] LiterallyLowd: joined with identifiers [license:9ef4cb8af5c875fe5bda9788bfcca855608afaaa; xbl:2533274874194488; live:1055521507060000; discord:81189482304376832; fivem:170921; license2:f3cd116ff308e39710294936a453af8053fde7f1]
[6:20:44 PM] [P94MW#4] LiterallyLowd: disconnected (Exiting)
[6:20:50 PM] [P94MW#3] Stryker25: disconnected (Exiting)
