
================================================================
======== Log Rotated - 4/19/2022, 12:00:00 AM                   
================================================================

================================================================
======== txAdmin Starting - 4/19/2022, 2:21:50 PM               
================================================================
[2:22:18 PM] txAdmin: Logger started
[2:23:28 PM] [gbttM#1] LiterallyLowd: joined with identifiers [license:9ef4cb8af5c875fe5bda9788bfcca855608afaaa; xbl:2533274874194488; live:1055521507060000; discord:81189482304376832; fivem:170921; license2:f3cd116ff308e39710294936a453af8053fde7f1]
[2:23:39 PM] [gbttM#1] LiterallyLowd: disconnected (Exiting)

================================================================
======== txAdmin Starting - 4/19/2022, 2:32:26 PM               
================================================================
[2:32:33 PM] txAdmin: Logger started
[2:33:13 PM] [9QxN8#1] LiterallyLowd: joined with identifiers [license:9ef4cb8af5c875fe5bda9788bfcca855608afaaa; xbl:2533274874194488; live:1055521507060000; discord:81189482304376832; fivem:170921; license2:f3cd116ff308e39710294936a453af8053fde7f1]
[2:34:22 PM] [9QxN8#1] LiterallyLowd: healed themself
[2:35:06 PM] [9QxN8#1] LiterallyLowd: teleported to a waypoint
[2:38:56 PM] [9QxN8#2] Stryker25: joined with identifiers [license:3eeaa17898686b066559643e7d727965c20876a1; xbl:2535441224947624; live:1055522494977217; discord:368824997885640705; fivem:6677491]
[2:40:00 PM] [9QxN8#2] Stryker25: teleported to a waypoint
[2:45:57 PM] [9QxN8#1] LiterallyLowd: said "/tc"
[2:48:07 PM] [9QxN8#3] Shadezy: joined with identifiers [license:3790f54a979b677419187732d7475019debffb9e; discord:152530599611990017; fivem:225962; license2:c40e80752ae23a4e3cecc9179dd56eb3e739361d]
[2:50:33 PM] [9QxN8#2] Stryker25: teleported to a waypoint
[2:50:36 PM] [9QxN8#2] Stryker25: disconnected (Disconnected.)
[2:50:48 PM] [9QxN8#3] Shadezy: disconnected (Exiting)
[2:51:01 PM] [9QxN8#1] LiterallyLowd: disconnected (Exiting)

================================================================
======== txAdmin Starting - 4/19/2022, 2:51:11 PM               
================================================================
[2:51:18 PM] txAdmin: Logger started
[2:51:57 PM] [beCMa#1] LiterallyLowd: joined with identifiers [license:9ef4cb8af5c875fe5bda9788bfcca855608afaaa; xbl:2533274874194488; live:1055521507060000; discord:81189482304376832; fivem:170921; license2:f3cd116ff308e39710294936a453af8053fde7f1]
[2:56:35 PM] [beCMa#1] LiterallyLowd: teleported to a waypoint
[2:59:26 PM] [beCMa#1] LiterallyLowd: disconnected (Server shutting down: SIGHUP received)

================================================================
======== txAdmin Starting - 4/19/2022, 2:59:35 PM               
================================================================
[2:59:42 PM] txAdmin: Logger started
[3:00:12 PM] [zeq86#1] LiterallyLowd: joined with identifiers [license:9ef4cb8af5c875fe5bda9788bfcca855608afaaa; xbl:2533274874194488; live:1055521507060000; discord:81189482304376832; fivem:170921; license2:f3cd116ff308e39710294936a453af8053fde7f1]
[3:00:41 PM] [zeq86#2] Stryker25: joined with identifiers [license:3eeaa17898686b066559643e7d727965c20876a1; xbl:2535441224947624; live:1055522494977217; discord:368824997885640705; fivem:6677491]
[3:01:36 PM] [zeq86#2] Stryker25: teleported to a waypoint
[3:13:58 PM] [zeq86#1] LiterallyLowd: said "/sitchair3"
[3:17:47 PM] [zeq86#2] Stryker25: disconnected (Disconnected.)
[3:17:49 PM] [zeq86#1] LiterallyLowd: disconnected (Exiting)

================================================================
======== txAdmin Starting - 4/19/2022, 3:21:28 PM               
================================================================
[3:21:49 PM] txAdmin: Logger started
[3:24:04 PM] [DGPNn#1] Shadezy: joined with identifiers [license:3790f54a979b677419187732d7475019debffb9e; xbl:2535436218097163; live:1055522042001500; discord:152530599611990017; fivem:225962; license2:c40e80752ae23a4e3cecc9179dd56eb3e739361d]
[3:26:08 PM] [DGPNn#2] LiterallyLowd: joined with identifiers [license:9ef4cb8af5c875fe5bda9788bfcca855608afaaa; xbl:2533274874194488; live:1055521507060000; discord:81189482304376832; fivem:170921; license2:f3cd116ff308e39710294936a453af8053fde7f1]
[3:26:25 PM] [DGPNn#3] Stryker25: joined with identifiers [license:3eeaa17898686b066559643e7d727965c20876a1; xbl:2535441224947624; live:1055522494977217; discord:368824997885640705; fivem:6677491]
[3:27:32 PM] [DGPNn#1] Shadezy: teleported to player [??] unknown (x=1846.629, y=3682.246, z=38.480)
[3:28:21 PM] [DGPNn#2] LiterallyLowd: enabled noclip
[3:28:27 PM] [DGPNn#2] LiterallyLowd: became mortal (standard mode)
[3:28:37 PM] [DGPNn#1] Shadezy: triggered drunk effect on [#2] LiterallyLowd
[3:28:37 PM] [DGPNn#1] Shadezy: triggered wild attack on [#2] LiterallyLowd
[3:28:45 PM] [DGPNn#2] LiterallyLowd: healed themself
[3:28:54 PM] [DGPNn#3] Stryker25: triggered wild attack on [#2] LiterallyLowd
[3:28:54 PM] [DGPNn#3] Stryker25: triggered wild attack on [#2] LiterallyLowd
[3:28:54 PM] [DGPNn#3] Stryker25: triggered wild attack on [#2] LiterallyLowd
[3:28:54 PM] [DGPNn#3] Stryker25: triggered wild attack on [#2] LiterallyLowd
[3:28:54 PM] [DGPNn#3] Stryker25: triggered wild attack on [#2] LiterallyLowd
[3:29:33 PM] [DGPNn#1] Shadezy: teleported to player [??] unknown (x=1836.633, y=3677.222, z=34.267)
[3:31:11 PM] [DGPNn#2] LiterallyLowd: enabled noclip
[3:31:41 PM] [DGPNn#3] Stryker25: healed player [#2] LiterallyLowd
[3:31:45 PM] [DGPNn#3] Stryker25: healed player [#3] Stryker25
[3:32:02 PM] [DGPNn#3] Stryker25: spawned a vehicle (model: police3)
[3:32:05 PM] [DGPNn#3] Stryker25: said "/-engine"
[3:32:08 PM] [DGPNn#3] Stryker25: said "/-engine"
[3:32:38 PM] [DGPNn#3] Stryker25: said "/-engine"
[3:33:40 PM] [DGPNn#3] Stryker25: deleted a vehicle
[3:33:48 PM] [DGPNn#2] LiterallyLowd: became mortal (standard mode)
[3:33:54 PM] [DGPNn#2] LiterallyLowd: spawned a vehicle (model: police)
[3:34:28 PM] [DGPNn#3] Stryker25: teleported to a waypoint
[3:45:27 PM] [DGPNn#1] Shadezy: disconnected (Exiting)
[3:45:35 PM] [DGPNn#3] Stryker25: disconnected (Disconnected.)
[3:45:44 PM] [DGPNn#2] LiterallyLowd: disconnected (Server shutting down: SIGHUP received)

================================================================
======== txAdmin Starting - 4/19/2022, 3:45:58 PM               
================================================================
[3:46:06 PM] txAdmin: Logger started
[3:46:57 PM] [UHD4q#1] LiterallyLowd: joined with identifiers [steam:11000010ab35a98; license:9ef4cb8af5c875fe5bda9788bfcca855608afaaa; xbl:2533274874194488; live:1055521507060000; discord:81189482304376832; fivem:170921; license2:f3cd116ff308e39710294936a453af8053fde7f1]
[3:49:45 PM] [UHD4q#1] LiterallyLowd: spawned a vehicle (model: police)
[3:53:04 PM] [UHD4q#1] LiterallyLowd: said "/admins"
[4:01:14 PM] [UHD4q#1] LiterallyLowd: disconnected (Exiting)

================================================================
======== txAdmin Starting - 4/19/2022, 4:01:26 PM               
================================================================
[4:01:34 PM] txAdmin: Logger started
[4:02:33 PM] [UQAfF#1] LiterallyLowd: joined with identifiers [steam:11000010ab35a98; license:9ef4cb8af5c875fe5bda9788bfcca855608afaaa; xbl:2533274874194488; live:1055521507060000; discord:81189482304376832; fivem:170921; license2:f3cd116ff308e39710294936a453af8053fde7f1]
[4:04:25 PM] [UQAfF#1] LiterallyLowd: disconnected (Server shutting down: SIGHUP received)

================================================================
======== txAdmin Starting - 4/19/2022, 4:05:40 PM               
================================================================
[4:05:47 PM] txAdmin: Logger started
[4:06:13 PM] [aqPbQ#1] LiterallyLowd: joined with identifiers [steam:11000010ab35a98; license:9ef4cb8af5c875fe5bda9788bfcca855608afaaa; xbl:2533274874194488; live:1055521507060000; discord:81189482304376832; fivem:170921; license2:f3cd116ff308e39710294936a453af8053fde7f1]
[4:06:33 PM] [aqPbQ#1] LiterallyLowd: disconnected (Game crashed: GTA5_b2372.exe!sub_14057FE04 (0x1c1))
[4:07:15 PM] [aqPbQ#2] LiterallyLowd: joined with identifiers [steam:11000010ab35a98; license:9ef4cb8af5c875fe5bda9788bfcca855608afaaa; xbl:2533274874194488; live:1055521507060000; discord:81189482304376832; fivem:170921; license2:f3cd116ff308e39710294936a453af8053fde7f1]
[4:08:27 PM] [aqPbQ#2] LiterallyLowd: said "/-engine"
[4:28:58 PM] [aqPbQ#2] LiterallyLowd: teleported to a waypoint
[4:29:06 PM] [aqPbQ#3] Slippinby: joined with identifiers [license:6b62258c256beba6ed452ce65ba8dbcde11af576; discord:632568779783667724; fivem:636748; license2:3496f0720c50fa6b6aa04bcf0d6219eb9b423063]
[4:29:18 PM] [aqPbQ#2] LiterallyLowd: said "/eng"
[4:34:04 PM] [aqPbQ#2] LiterallyLowd: teleported to a waypoint
[4:46:22 PM] [aqPbQ#2] LiterallyLowd: summoned player [#3] Slippinby
[4:46:36 PM] [aqPbQ#2] LiterallyLowd: summoned player [#3] Slippinby
[4:52:03 PM] [aqPbQ#2] LiterallyLowd: teleported to a waypoint
[4:52:10 PM] [aqPbQ#2] LiterallyLowd: summoned player [#3] Slippinby
[4:54:18 PM] [aqPbQ#2] LiterallyLowd: disconnected (Exiting)
[4:54:31 PM] [aqPbQ#3] Slippinby: disconnected (Exiting)

================================================================
======== txAdmin Starting - 4/19/2022, 4:55:39 PM               
================================================================
[4:55:47 PM] txAdmin: Logger started
[4:56:14 PM] [ttGji#1] LiterallyLowd: joined with identifiers [steam:11000010ab35a98; license:9ef4cb8af5c875fe5bda9788bfcca855608afaaa; xbl:2533274874194488; live:1055521507060000; discord:81189482304376832; fivem:170921; license2:f3cd116ff308e39710294936a453af8053fde7f1]
[4:58:52 PM] [ttGji#1] LiterallyLowd: teleported to a waypoint
[5:03:33 PM] [ttGji#1] LiterallyLowd: disconnected (Exiting)

================================================================
======== txAdmin Starting - 4/19/2022, 5:03:45 PM               
================================================================
[5:03:52 PM] txAdmin: Logger started
[5:04:26 PM] [kMDhW#1] LiterallyLowd: joined with identifiers [steam:11000010ab35a98; license:9ef4cb8af5c875fe5bda9788bfcca855608afaaa; xbl:2533274874194488; live:1055521507060000; discord:81189482304376832; fivem:170921; license2:f3cd116ff308e39710294936a453af8053fde7f1]
[5:07:29 PM] [kMDhW#1] LiterallyLowd: disconnected (Exiting)
[7:08:49 PM] [kMDhW#2] TheArmedAgent: joined with identifiers [steam:110000105c25bc5; license:88363d276a94a88f37b63cff45ccc71201e77cd9; xbl:2533274872273818; live:1055520917758453; discord:780627126453403648; license2:e85cdbf9bc783bc8e0b9d88c30f13d1f8a65a90e]
[7:09:55 PM] [kMDhW#3] Stryker25: joined with identifiers [steam:1100001094e6f09; license:3eeaa17898686b066559643e7d727965c20876a1; xbl:2535441224947624; live:1055522494977217; discord:368824997885640705; fivem:6677491]
[7:11:04 PM] [kMDhW#3] Stryker25: summoned player [#2] TheArmedAgent
[7:12:21 PM] [kMDhW#3] Stryker25: said "/delveh"
[7:12:48 PM] [kMDhW#3] Stryker25: deleted a vehicle
[7:13:31 PM] [kMDhW#2] TheArmedAgent: said "/delveh"
[7:14:12 PM] [kMDhW#3] Stryker25: deleted a vehicle
[7:14:32 PM] [kMDhW#2] TheArmedAgent: disconnected (Disconnected.)
[7:14:37 PM] [kMDhW#3] Stryker25: disconnected (Disconnected.)

================================================================
======== txAdmin Starting - 4/19/2022, 9:29:17 PM               
================================================================
[9:30:03 PM] txAdmin: Logger started
